2020-12-14 19:40:16.023 [main] DEBUG com.linghang.skimlessons.SkimlessonsApplication - Running with Spring Boot v2.4.0, Spring v5.3.1
2020-12-14 19:40:16.778 [main] DEBUG com.linghang.skimlessons.config.TomcatConfig$1 - Code archive: C:\Users\田\.m2\repository\org\springframework\boot\spring-boot\2.4.0\spring-boot-2.4.0.jar
2020-12-14 19:40:16.778 [main] DEBUG com.linghang.skimlessons.config.TomcatConfig$1 - Code archive: C:\Users\田\.m2\repository\org\springframework\boot\spring-boot\2.4.0\spring-boot-2.4.0.jar
2020-12-14 19:40:16.779 [main] DEBUG com.linghang.skimlessons.config.TomcatConfig$1 - None of the document roots [src/main/webapp, public, static] point to a directory and will be ignored.
2020-12-14 19:40:22.051 [https-openssl-nio-8022-exec-6] DEBUG c.l.s.dao.CourseDao.getClassDetailList_COUNT - ==>  Preparing: select count(0) from (select all_class_schedule.id, all_class_schedule.course_name, all_class_schedule.teacher_name, all_class_schedule.classroom_num, classroom.building_name, classroom.area_num, classroom.room_num, classroom.campus_name, all_class_schedulte_time.start_week, all_class_schedulte_time.end_week, all_class_schedulte_time.week, all_class_schedulte_time.start_section, all_class_schedulte_time.end_section from all_class_schedule join classroom on all_class_schedule.classroom_num = classroom.id join all_class_schedulte_time on all_class_schedule.id = all_class_schedulte_time.cls_shd_id where course_name = ? and college_id = ? order by CONVERT( teacher_name using gbk ) collate gbk_chinese_ci ASC) tmp_count 
2020-12-14 19:40:22.071 [https-openssl-nio-8022-exec-6] DEBUG c.l.s.dao.CourseDao.getClassDetailList_COUNT - ==> Parameters: Visual C++程序设计方法及其机械工程应用(String), 1(Integer)
2020-12-14 19:40:22.090 [https-openssl-nio-8022-exec-6] DEBUG c.l.s.dao.CourseDao.getClassDetailList_COUNT - <==      Total: 1
2020-12-14 19:44:52.236 [main] DEBUG com.linghang.skimlessons.SkimlessonsApplication - Running with Spring Boot v2.4.0, Spring v5.3.1
2020-12-14 19:44:53.268 [main] DEBUG com.linghang.skimlessons.config.TomcatConfig$1 - Code archive: C:\Users\田\.m2\repository\org\springframework\boot\spring-boot\2.4.0\spring-boot-2.4.0.jar
2020-12-14 19:44:53.268 [main] DEBUG com.linghang.skimlessons.config.TomcatConfig$1 - Code archive: C:\Users\田\.m2\repository\org\springframework\boot\spring-boot\2.4.0\spring-boot-2.4.0.jar
2020-12-14 19:44:53.268 [main] DEBUG com.linghang.skimlessons.config.TomcatConfig$1 - None of the document roots [src/main/webapp, public, static] point to a directory and will be ignored.
2020-12-14 19:45:05.826 [https-openssl-nio-8022-exec-3] DEBUG c.l.s.dao.CourseDao.getClassDetailList_COUNT - ==>  Preparing: select count(0) from (select all_class_schedule.id, all_class_schedule.course_name, all_class_schedule.teacher_name, all_class_schedule.classroom_num, classroom.building_name, classroom.area_num, classroom.room_num, classroom.campus_name, all_class_schedulte_time.start_week, all_class_schedulte_time.end_week, all_class_schedulte_time.week, all_class_schedulte_time.start_section, all_class_schedulte_time.end_section from all_class_schedule join classroom on all_class_schedule.classroom_num = classroom.id join all_class_schedulte_time on all_class_schedule.id = all_class_schedulte_time.cls_shd_id where course_name = ? and college_id = ? order by CONVERT( teacher_name using gbk ) collate gbk_chinese_ci ASC) tmp_count 
2020-12-14 19:45:05.849 [https-openssl-nio-8022-exec-3] DEBUG c.l.s.dao.CourseDao.getClassDetailList_COUNT - ==> Parameters: Visual C++程序设计方法及其机械工程应用(String), 1(Integer)
2020-12-14 19:45:05.871 [https-openssl-nio-8022-exec-3] DEBUG c.l.s.dao.CourseDao.getClassDetailList_COUNT - <==      Total: 1
2020-12-14 19:45:46.113 [main] DEBUG com.linghang.skimlessons.SkimlessonsApplication - Running with Spring Boot v2.4.0, Spring v5.3.1
2020-12-14 19:45:46.853 [main] DEBUG com.linghang.skimlessons.config.TomcatConfig$1 - Code archive: C:\Users\田\.m2\repository\org\springframework\boot\spring-boot\2.4.0\spring-boot-2.4.0.jar
2020-12-14 19:45:46.853 [main] DEBUG com.linghang.skimlessons.config.TomcatConfig$1 - Code archive: C:\Users\田\.m2\repository\org\springframework\boot\spring-boot\2.4.0\spring-boot-2.4.0.jar
2020-12-14 19:45:46.853 [main] DEBUG com.linghang.skimlessons.config.TomcatConfig$1 - None of the document roots [src/main/webapp, public, static] point to a directory and will be ignored.
2020-12-14 19:45:50.211 [https-openssl-nio-8022-exec-2] DEBUG c.l.s.dao.CourseDao.getClassDetailList_COUNT - ==>  Preparing: select count(0) from (select all_class_schedule.id, all_class_schedule.course_name, all_class_schedule.teacher_name, all_class_schedule.classroom_num, classroom.building_name, classroom.area_num, classroom.room_num, classroom.campus_name, all_class_schedulte_time.start_week, all_class_schedulte_time.end_week, all_class_schedulte_time.week, all_class_schedulte_time.start_section, all_class_schedulte_time.end_section from all_class_schedule join classroom on all_class_schedule.classroom_num = classroom.id join all_class_schedulte_time on all_class_schedule.id = all_class_schedulte_time.cls_shd_id where course_name = ? and college_id = ? order by CONVERT( teacher_name using gbk ) collate gbk_chinese_ci ASC) tmp_count 
2020-12-14 19:45:50.231 [https-openssl-nio-8022-exec-2] DEBUG c.l.s.dao.CourseDao.getClassDetailList_COUNT - ==> Parameters: Visual C++程序设计方法及其机械工程应用(String), 3(Integer)
2020-12-14 19:45:50.251 [https-openssl-nio-8022-exec-2] DEBUG c.l.s.dao.CourseDao.getClassDetailList_COUNT - <==      Total: 1
2020-12-14 19:45:50.254 [https-openssl-nio-8022-exec-2] DEBUG c.l.skimlessons.dao.CourseDao.getClassDetailList - ==>  Preparing: select all_class_schedule.id, all_class_schedule.course_name, all_class_schedule.teacher_name, all_class_schedule.classroom_num, classroom.building_name, classroom.area_num, classroom.room_num, classroom.campus_name, all_class_schedulte_time.start_week, all_class_schedulte_time.end_week, all_class_schedulte_time.week, all_class_schedulte_time.start_section, all_class_schedulte_time.end_section from all_class_schedule join classroom on all_class_schedule.classroom_num = classroom.id join all_class_schedulte_time on all_class_schedule.id = all_class_schedulte_time.cls_shd_id where course_name = ? and college_id = ? order by CONVERT( teacher_name using gbk ) collate gbk_chinese_ci ASC LIMIT ? 
2020-12-14 19:45:50.254 [https-openssl-nio-8022-exec-2] DEBUG c.l.skimlessons.dao.CourseDao.getClassDetailList - ==> Parameters: Visual C++程序设计方法及其机械工程应用(String), 3(Integer), 5(Integer)
2020-12-14 19:45:50.258 [https-openssl-nio-8022-exec-2] DEBUG c.l.skimlessons.dao.CourseDao.getClassDetailList - <==      Total: 4
