2020-12-07 00:13:10.467 [main] INFO  com.linghang.skimlessons.SkimlessonsApplication - Starting SkimlessonsApplication using Java 1.8.0_251 on DESKTOP-CE12G9K with PID 3068 (D:\Microsoft Visual Studio\MyProjects\Homework\JAVA\Skimlessons\target\classes started by 田 in D:\Microsoft Visual Studio\MyProjects\Homework\JAVA\Skimlessons)
2020-12-07 00:13:10.481 [main] INFO  com.linghang.skimlessons.SkimlessonsApplication - The following profiles are active: dev
2020-12-07 00:13:12.261 [main] INFO  o.s.boot.web.embedded.tomcat.TomcatWebServer - Tomcat initialized with port(s): 8080 (http)
2020-12-07 00:13:12.279 [main] INFO  org.apache.coyote.http11.Http11NioProtocol - Initializing ProtocolHandler ["http-nio-8080"]
2020-12-07 00:13:12.297 [main] INFO  org.apache.catalina.core.StandardService - Starting service [Tomcat]
2020-12-07 00:13:12.298 [main] INFO  org.apache.catalina.core.StandardEngine - Starting Servlet engine: [Apache Tomcat/9.0.39]
2020-12-07 00:13:12.301 [main] INFO  org.apache.catalina.core.AprLifecycleListener - Loaded Apache Tomcat Native library [1.2.24] using APR version [1.7.0].
2020-12-07 00:13:12.302 [main] INFO  org.apache.catalina.core.AprLifecycleListener - APR capabilities: IPv6 [true], sendfile [true], accept filters [false], random [true].
2020-12-07 00:13:12.302 [main] INFO  org.apache.catalina.core.AprLifecycleListener - APR/OpenSSL configuration: useAprConnector [false], useOpenSSL [true]
2020-12-07 00:13:12.390 [main] INFO  org.apache.catalina.core.AprLifecycleListener - OpenSSL successfully initialized [OpenSSL 1.1.1g  21 Apr 2020]
2020-12-07 00:13:12.566 [main] INFO  o.a.c.core.ContainerBase.[Tomcat].[localhost].[/] - Initializing Spring embedded WebApplicationContext
2020-12-07 00:13:12.566 [main] INFO  o.s.b.w.s.c.ServletWebServerApplicationContext - Root WebApplicationContext: initialization completed in 2011 ms
2020-12-07 00:13:13.477 [main] INFO  o.s.scheduling.concurrent.ThreadPoolTaskExecutor - Initializing ExecutorService 'applicationTaskExecutor'
2020-12-07 00:13:14.032 [main] INFO  org.apache.coyote.http11.Http11NioProtocol - Starting ProtocolHandler ["http-nio-8080"]
2020-12-07 00:13:14.075 [main] INFO  o.s.boot.web.embedded.tomcat.TomcatWebServer - Tomcat started on port(s): 8080 (http) with context path ''
2020-12-07 00:13:14.094 [main] INFO  com.linghang.skimlessons.SkimlessonsApplication - Started SkimlessonsApplication in 5.017 seconds (JVM running for 6.895)
2020-12-07 00:13:53.097 [http-nio-8080-exec-1] INFO  o.a.c.core.ContainerBase.[Tomcat].[localhost].[/] - Initializing Spring DispatcherServlet 'dispatcherServlet'
2020-12-07 00:13:53.098 [http-nio-8080-exec-1] INFO  org.springframework.web.servlet.DispatcherServlet - Initializing Servlet 'dispatcherServlet'
2020-12-07 00:13:53.101 [http-nio-8080-exec-1] INFO  org.springframework.web.servlet.DispatcherServlet - Completed initialization in 3 ms
2020-12-07 00:13:53.632 [http-nio-8080-exec-1] INFO  com.alibaba.druid.pool.DruidDataSource - {dataSource-1} inited
2020-12-07 09:45:47.870 [main] INFO  com.linghang.skimlessons.SkimlessonsApplication - Starting SkimlessonsApplication using Java 1.8.0_251 on DESKTOP-CE12G9K with PID 16440 (D:\Microsoft Visual Studio\MyProjects\Homework\JAVA\Skimlessons\target\classes started by 田 in D:\Microsoft Visual Studio\MyProjects\Homework\JAVA\Skimlessons)
2020-12-07 09:45:47.887 [main] INFO  com.linghang.skimlessons.SkimlessonsApplication - The following profiles are active: dev
2020-12-07 09:45:49.112 [main] INFO  o.s.boot.web.embedded.tomcat.TomcatWebServer - Tomcat initialized with port(s): 8080 (http)
2020-12-07 09:45:49.126 [main] INFO  org.apache.coyote.http11.Http11NioProtocol - Initializing ProtocolHandler ["http-nio-8080"]
2020-12-07 09:45:49.126 [main] INFO  org.apache.catalina.core.StandardService - Starting service [Tomcat]
2020-12-07 09:45:49.127 [main] INFO  org.apache.catalina.core.StandardEngine - Starting Servlet engine: [Apache Tomcat/9.0.39]
2020-12-07 09:45:49.128 [main] INFO  org.apache.catalina.core.AprLifecycleListener - Loaded Apache Tomcat Native library [1.2.24] using APR version [1.7.0].
2020-12-07 09:45:49.128 [main] INFO  org.apache.catalina.core.AprLifecycleListener - APR capabilities: IPv6 [true], sendfile [true], accept filters [false], random [true].
2020-12-07 09:45:49.128 [main] INFO  org.apache.catalina.core.AprLifecycleListener - APR/OpenSSL configuration: useAprConnector [false], useOpenSSL [true]
2020-12-07 09:45:49.164 [main] INFO  org.apache.catalina.core.AprLifecycleListener - OpenSSL successfully initialized [OpenSSL 1.1.1g  21 Apr 2020]
2020-12-07 09:45:49.273 [main] INFO  o.a.c.core.ContainerBase.[Tomcat].[localhost].[/] - Initializing Spring embedded WebApplicationContext
2020-12-07 09:45:49.273 [main] INFO  o.s.b.w.s.c.ServletWebServerApplicationContext - Root WebApplicationContext: initialization completed in 1314 ms
2020-12-07 09:45:49.830 [main] INFO  o.s.scheduling.concurrent.ThreadPoolTaskExecutor - Initializing ExecutorService 'applicationTaskExecutor'
2020-12-07 09:45:50.073 [main] INFO  org.apache.coyote.http11.Http11NioProtocol - Starting ProtocolHandler ["http-nio-8080"]
2020-12-07 09:45:50.087 [main] INFO  o.s.boot.web.embedded.tomcat.TomcatWebServer - Tomcat started on port(s): 8080 (http) with context path ''
2020-12-07 09:45:50.095 [main] INFO  com.linghang.skimlessons.SkimlessonsApplication - Started SkimlessonsApplication in 2.923 seconds (JVM running for 3.819)
2020-12-07 09:45:56.035 [http-nio-8080-exec-1] INFO  o.a.c.core.ContainerBase.[Tomcat].[localhost].[/] - Initializing Spring DispatcherServlet 'dispatcherServlet'
2020-12-07 09:45:56.036 [http-nio-8080-exec-1] INFO  org.springframework.web.servlet.DispatcherServlet - Initializing Servlet 'dispatcherServlet'
2020-12-07 09:45:56.037 [http-nio-8080-exec-1] INFO  org.springframework.web.servlet.DispatcherServlet - Completed initialization in 0 ms
2020-12-07 09:45:56.126 [http-nio-8080-exec-1] INFO  com.alibaba.druid.pool.DruidDataSource - {dataSource-1} inited
2020-12-07 09:51:12.077 [main] INFO  com.linghang.skimlessons.dao.DaoTest - Starting DaoTest using Java 1.8.0_131 on DESKTOP-CE12G9K with PID 19760 (started by 田 in D:\Microsoft Visual Studio\MyProjects\Homework\JAVA\Skimlessons)
2020-12-07 09:51:12.079 [main] INFO  com.linghang.skimlessons.dao.DaoTest - The following profiles are active: dev
2020-12-07 09:51:13.684 [main] INFO  o.s.scheduling.concurrent.ThreadPoolTaskExecutor - Initializing ExecutorService 'applicationTaskExecutor'
2020-12-07 09:51:14.092 [main] INFO  com.linghang.skimlessons.dao.DaoTest - Started DaoTest in 2.398 seconds (JVM running for 3.38)
2020-12-07 09:51:14.343 [main] INFO  com.alibaba.druid.pool.DruidDataSource - {dataSource-1} inited
2020-12-07 09:51:16.879 [main] INFO  o.s.b.t.context.SpringBootTestContextBootstrapper - Neither @ContextConfiguration nor @ContextHierarchy found for test class [com.linghang.skimlessons.service.ServiceTest], using SpringBootContextLoader
2020-12-07 09:51:16.880 [main] INFO  o.s.test.context.support.AbstractContextLoader - Could not detect default resource locations for test class [com.linghang.skimlessons.service.ServiceTest]: no resource found for suffixes {-context.xml, Context.groovy}.
2020-12-07 09:51:16.880 [main] INFO  o.s.t.c.support.AnnotationConfigContextLoaderUtils - Could not detect default configuration classes for test class [com.linghang.skimlessons.service.ServiceTest]: ServiceTest does not declare any static, non-private, non-final, nested classes annotated with @Configuration.
2020-12-07 09:51:16.884 [main] INFO  o.s.b.t.context.SpringBootTestContextBootstrapper - Found @SpringBootConfiguration com.linghang.skimlessons.SkimlessonsApplication for test class com.linghang.skimlessons.service.ServiceTest
2020-12-07 09:51:16.886 [main] INFO  o.s.b.t.context.SpringBootTestContextBootstrapper - Loaded default TestExecutionListener class names from location [META-INF/spring.factories]: [org.springframework.boot.test.mock.mockito.MockitoTestExecutionListener, org.springframework.boot.test.mock.mockito.ResetMocksTestExecutionListener, org.springframework.boot.test.autoconfigure.restdocs.RestDocsTestExecutionListener, org.springframework.boot.test.autoconfigure.web.client.MockRestServiceServerResetTestExecutionListener, org.springframework.boot.test.autoconfigure.web.servlet.MockMvcPrintOnlyOnFailureTestExecutionListener, org.springframework.boot.test.autoconfigure.web.servlet.WebDriverTestExecutionListener, org.springframework.boot.test.autoconfigure.webservices.client.MockWebServiceServerTestExecutionListener, org.springframework.test.context.web.ServletTestExecutionListener, org.springframework.test.context.support.DirtiesContextBeforeModesTestExecutionListener, org.springframework.test.context.support.DependencyInjectionTestExecutionListener, org.springframework.test.context.support.DirtiesContextTestExecutionListener, org.springframework.test.context.transaction.TransactionalTestExecutionListener, org.springframework.test.context.jdbc.SqlScriptsTestExecutionListener, org.springframework.test.context.event.EventPublishingTestExecutionListener]
2020-12-07 09:51:16.887 [main] INFO  o.s.b.t.context.SpringBootTestContextBootstrapper - Using TestExecutionListeners: [org.springframework.test.context.web.ServletTestExecutionListener@46dcbeab, org.springframework.test.context.support.DirtiesContextBeforeModesTestExecutionListener@36e43829, org.springframework.boot.test.mock.mockito.MockitoTestExecutionListener@152c4495, org.springframework.boot.test.autoconfigure.SpringBootDependencyInjectionTestExecutionListener@5ec1963c, org.springframework.test.context.support.DirtiesContextTestExecutionListener@7dcb42a9, org.springframework.test.context.transaction.TransactionalTestExecutionListener@6af90849, org.springframework.test.context.jdbc.SqlScriptsTestExecutionListener@1d06f16f, org.springframework.test.context.event.EventPublishingTestExecutionListener@4fa4f485, org.springframework.boot.test.mock.mockito.ResetMocksTestExecutionListener@68dd39d2, org.springframework.boot.test.autoconfigure.restdocs.RestDocsTestExecutionListener@4a44cfc0, org.springframework.boot.test.autoconfigure.web.client.MockRestServiceServerResetTestExecutionListener@60e3c26e, org.springframework.boot.test.autoconfigure.web.servlet.MockMvcPrintOnlyOnFailureTestExecutionListener@80b122b, org.springframework.boot.test.autoconfigure.web.servlet.WebDriverTestExecutionListener@999b951, org.springframework.boot.test.autoconfigure.webservices.client.MockWebServiceServerTestExecutionListener@65cf4d6d]
2020-12-07 09:51:20.214 [main] INFO  o.s.b.t.context.SpringBootTestContextBootstrapper - Neither @ContextConfiguration nor @ContextHierarchy found for test class [com.linghang.skimlessons.SkimlessonsApplicationTests], using SpringBootContextLoader
2020-12-07 09:51:20.214 [main] INFO  o.s.test.context.support.AbstractContextLoader - Could not detect default resource locations for test class [com.linghang.skimlessons.SkimlessonsApplicationTests]: no resource found for suffixes {-context.xml, Context.groovy}.
2020-12-07 09:51:20.214 [main] INFO  o.s.t.c.support.AnnotationConfigContextLoaderUtils - Could not detect default configuration classes for test class [com.linghang.skimlessons.SkimlessonsApplicationTests]: SkimlessonsApplicationTests does not declare any static, non-private, non-final, nested classes annotated with @Configuration.
2020-12-07 09:51:20.217 [main] INFO  o.s.b.t.context.SpringBootTestContextBootstrapper - Found @SpringBootConfiguration com.linghang.skimlessons.SkimlessonsApplication for test class com.linghang.skimlessons.SkimlessonsApplicationTests
2020-12-07 09:51:20.219 [main] INFO  o.s.b.t.context.SpringBootTestContextBootstrapper - Loaded default TestExecutionListener class names from location [META-INF/spring.factories]: [org.springframework.boot.test.mock.mockito.MockitoTestExecutionListener, org.springframework.boot.test.mock.mockito.ResetMocksTestExecutionListener, org.springframework.boot.test.autoconfigure.restdocs.RestDocsTestExecutionListener, org.springframework.boot.test.autoconfigure.web.client.MockRestServiceServerResetTestExecutionListener, org.springframework.boot.test.autoconfigure.web.servlet.MockMvcPrintOnlyOnFailureTestExecutionListener, org.springframework.boot.test.autoconfigure.web.servlet.WebDriverTestExecutionListener, org.springframework.boot.test.autoconfigure.webservices.client.MockWebServiceServerTestExecutionListener, org.springframework.test.context.web.ServletTestExecutionListener, org.springframework.test.context.support.DirtiesContextBeforeModesTestExecutionListener, org.springframework.test.context.support.DependencyInjectionTestExecutionListener, org.springframework.test.context.support.DirtiesContextTestExecutionListener, org.springframework.test.context.transaction.TransactionalTestExecutionListener, org.springframework.test.context.jdbc.SqlScriptsTestExecutionListener, org.springframework.test.context.event.EventPublishingTestExecutionListener]
2020-12-07 09:51:20.220 [main] INFO  o.s.b.t.context.SpringBootTestContextBootstrapper - Using TestExecutionListeners: [org.springframework.test.context.web.ServletTestExecutionListener@36d33f4, org.springframework.test.context.support.DirtiesContextBeforeModesTestExecutionListener@16736040, org.springframework.boot.test.mock.mockito.MockitoTestExecutionListener@7c5d1d25, org.springframework.boot.test.autoconfigure.SpringBootDependencyInjectionTestExecutionListener@550e9be6, org.springframework.test.context.support.DirtiesContextTestExecutionListener@3f96f020, org.springframework.test.context.transaction.TransactionalTestExecutionListener@32eae6f2, org.springframework.test.context.jdbc.SqlScriptsTestExecutionListener@26ca61bf, org.springframework.test.context.event.EventPublishingTestExecutionListener@73a0f2b, org.springframework.boot.test.mock.mockito.ResetMocksTestExecutionListener@fa5f81c, org.springframework.boot.test.autoconfigure.restdocs.RestDocsTestExecutionListener@6a1d526c, org.springframework.boot.test.autoconfigure.web.client.MockRestServiceServerResetTestExecutionListener@1f2f0109, org.springframework.boot.test.autoconfigure.web.servlet.MockMvcPrintOnlyOnFailureTestExecutionListener@483b0690, org.springframework.boot.test.autoconfigure.web.servlet.WebDriverTestExecutionListener@687e6293, org.springframework.boot.test.autoconfigure.webservices.client.MockWebServiceServerTestExecutionListener@6870c3c2]
2020-12-07 09:51:20.366 [SpringContextShutdownHook] INFO  o.s.scheduling.concurrent.ThreadPoolTaskExecutor - Shutting down ExecutorService 'applicationTaskExecutor'
2020-12-07 09:51:20.370 [SpringContextShutdownHook] INFO  com.alibaba.druid.pool.DruidDataSource - {dataSource-1} closed
2020-12-07 12:43:16.863 [main] INFO  com.linghang.skimlessons.SkimlessonsApplication - Starting SkimlessonsApplication using Java 1.8.0_251 on DESKTOP-CE12G9K with PID 16824 (D:\Microsoft Visual Studio\MyProjects\Homework\JAVA\Skimlessons\target\classes started by 田 in D:\Microsoft Visual Studio\MyProjects\Homework\JAVA\Skimlessons)
2020-12-07 12:43:16.888 [main] INFO  com.linghang.skimlessons.SkimlessonsApplication - The following profiles are active: dev
2020-12-07 12:43:18.031 [main] INFO  o.s.boot.web.embedded.tomcat.TomcatWebServer - Tomcat initialized with port(s): 8080 (http)
2020-12-07 12:43:18.039 [main] INFO  org.apache.coyote.http11.Http11NioProtocol - Initializing ProtocolHandler ["http-nio-8080"]
2020-12-07 12:43:18.039 [main] INFO  org.apache.catalina.core.StandardService - Starting service [Tomcat]
2020-12-07 12:43:18.039 [main] INFO  org.apache.catalina.core.StandardEngine - Starting Servlet engine: [Apache Tomcat/9.0.39]
2020-12-07 12:43:18.040 [main] INFO  org.apache.catalina.core.AprLifecycleListener - Loaded Apache Tomcat Native library [1.2.24] using APR version [1.7.0].
2020-12-07 12:43:18.040 [main] INFO  org.apache.catalina.core.AprLifecycleListener - APR capabilities: IPv6 [true], sendfile [true], accept filters [false], random [true].
2020-12-07 12:43:18.040 [main] INFO  org.apache.catalina.core.AprLifecycleListener - APR/OpenSSL configuration: useAprConnector [false], useOpenSSL [true]
2020-12-07 12:43:18.099 [main] INFO  org.apache.catalina.core.AprLifecycleListener - OpenSSL successfully initialized [OpenSSL 1.1.1g  21 Apr 2020]
2020-12-07 12:43:18.176 [main] INFO  o.a.c.core.ContainerBase.[Tomcat].[localhost].[/] - Initializing Spring embedded WebApplicationContext
2020-12-07 12:43:18.176 [main] INFO  o.s.b.w.s.c.ServletWebServerApplicationContext - Root WebApplicationContext: initialization completed in 1234 ms
2020-12-07 12:43:18.729 [main] INFO  o.s.scheduling.concurrent.ThreadPoolTaskExecutor - Initializing ExecutorService 'applicationTaskExecutor'
2020-12-07 12:43:18.963 [main] INFO  org.apache.coyote.http11.Http11NioProtocol - Starting ProtocolHandler ["http-nio-8080"]
2020-12-07 12:43:18.977 [main] INFO  o.s.boot.web.embedded.tomcat.TomcatWebServer - Tomcat started on port(s): 8080 (http) with context path ''
2020-12-07 12:43:18.984 [main] INFO  com.linghang.skimlessons.SkimlessonsApplication - Started SkimlessonsApplication in 2.724 seconds (JVM running for 3.577)
2020-12-07 12:43:44.898 [http-nio-8080-exec-2] INFO  o.a.c.core.ContainerBase.[Tomcat].[localhost].[/] - Initializing Spring DispatcherServlet 'dispatcherServlet'
2020-12-07 12:43:44.898 [http-nio-8080-exec-2] INFO  org.springframework.web.servlet.DispatcherServlet - Initializing Servlet 'dispatcherServlet'
2020-12-07 12:43:44.899 [http-nio-8080-exec-2] INFO  org.springframework.web.servlet.DispatcherServlet - Completed initialization in 1 ms
2020-12-07 12:43:45.000 [http-nio-8080-exec-2] INFO  com.alibaba.druid.pool.DruidDataSource - {dataSource-1} inited
2020-12-07 13:02:30.760 [main] INFO  com.linghang.skimlessons.SkimlessonsApplication - Starting SkimlessonsApplication using Java 1.8.0_251 on DESKTOP-CE12G9K with PID 7588 (D:\Microsoft Visual Studio\MyProjects\Homework\JAVA\Skimlessons\target\classes started by 田 in D:\Microsoft Visual Studio\MyProjects\Homework\JAVA\Skimlessons)
2020-12-07 13:02:30.763 [main] INFO  com.linghang.skimlessons.SkimlessonsApplication - The following profiles are active: dev
2020-12-07 13:02:31.711 [main] INFO  o.s.boot.web.embedded.tomcat.TomcatWebServer - Tomcat initialized with port(s): 8080 (http)
2020-12-07 13:02:31.718 [main] INFO  org.apache.coyote.http11.Http11NioProtocol - Initializing ProtocolHandler ["http-nio-8080"]
2020-12-07 13:02:31.718 [main] INFO  org.apache.catalina.core.StandardService - Starting service [Tomcat]
2020-12-07 13:02:31.719 [main] INFO  org.apache.catalina.core.StandardEngine - Starting Servlet engine: [Apache Tomcat/9.0.39]
2020-12-07 13:02:31.720 [main] INFO  org.apache.catalina.core.AprLifecycleListener - Loaded Apache Tomcat Native library [1.2.24] using APR version [1.7.0].
2020-12-07 13:02:31.721 [main] INFO  org.apache.catalina.core.AprLifecycleListener - APR capabilities: IPv6 [true], sendfile [true], accept filters [false], random [true].
2020-12-07 13:02:31.721 [main] INFO  org.apache.catalina.core.AprLifecycleListener - APR/OpenSSL configuration: useAprConnector [false], useOpenSSL [true]
2020-12-07 13:02:31.726 [main] INFO  org.apache.catalina.core.AprLifecycleListener - OpenSSL successfully initialized [OpenSSL 1.1.1g  21 Apr 2020]
2020-12-07 13:02:31.788 [main] INFO  o.a.c.core.ContainerBase.[Tomcat].[localhost].[/] - Initializing Spring embedded WebApplicationContext
2020-12-07 13:02:31.788 [main] INFO  o.s.b.w.s.c.ServletWebServerApplicationContext - Root WebApplicationContext: initialization completed in 980 ms
2020-12-07 13:02:32.247 [main] INFO  o.s.scheduling.concurrent.ThreadPoolTaskExecutor - Initializing ExecutorService 'applicationTaskExecutor'
2020-12-07 13:02:32.540 [main] INFO  org.apache.coyote.http11.Http11NioProtocol - Starting ProtocolHandler ["http-nio-8080"]
2020-12-07 13:02:32.554 [main] INFO  o.s.boot.web.embedded.tomcat.TomcatWebServer - Tomcat started on port(s): 8080 (http) with context path ''
2020-12-07 13:02:32.561 [main] INFO  com.linghang.skimlessons.SkimlessonsApplication - Started SkimlessonsApplication in 2.299 seconds (JVM running for 3.069)
2020-12-07 13:02:36.136 [http-nio-8080-exec-1] INFO  o.a.c.core.ContainerBase.[Tomcat].[localhost].[/] - Initializing Spring DispatcherServlet 'dispatcherServlet'
2020-12-07 13:02:36.136 [http-nio-8080-exec-1] INFO  org.springframework.web.servlet.DispatcherServlet - Initializing Servlet 'dispatcherServlet'
2020-12-07 13:02:36.137 [http-nio-8080-exec-1] INFO  org.springframework.web.servlet.DispatcherServlet - Completed initialization in 1 ms
2020-12-07 13:02:36.268 [http-nio-8080-exec-1] INFO  com.alibaba.druid.pool.DruidDataSource - {dataSource-1} inited
2020-12-07 13:02:57.724 [main] INFO  com.linghang.skimlessons.SkimlessonsApplication - Starting SkimlessonsApplication using Java 1.8.0_251 on DESKTOP-CE12G9K with PID 14500 (D:\Microsoft Visual Studio\MyProjects\Homework\JAVA\Skimlessons\target\classes started by 田 in D:\Microsoft Visual Studio\MyProjects\Homework\JAVA\Skimlessons)
2020-12-07 13:02:57.727 [main] INFO  com.linghang.skimlessons.SkimlessonsApplication - The following profiles are active: dev
2020-12-07 13:02:58.517 [main] INFO  o.s.boot.web.embedded.tomcat.TomcatWebServer - Tomcat initialized with port(s): 8080 (http)
2020-12-07 13:02:58.523 [main] INFO  org.apache.coyote.http11.Http11NioProtocol - Initializing ProtocolHandler ["http-nio-8080"]
2020-12-07 13:02:58.524 [main] INFO  org.apache.catalina.core.StandardService - Starting service [Tomcat]
2020-12-07 13:02:58.524 [main] INFO  org.apache.catalina.core.StandardEngine - Starting Servlet engine: [Apache Tomcat/9.0.39]
2020-12-07 13:02:58.525 [main] INFO  org.apache.catalina.core.AprLifecycleListener - Loaded Apache Tomcat Native library [1.2.24] using APR version [1.7.0].
2020-12-07 13:02:58.525 [main] INFO  org.apache.catalina.core.AprLifecycleListener - APR capabilities: IPv6 [true], sendfile [true], accept filters [false], random [true].
2020-12-07 13:02:58.525 [main] INFO  org.apache.catalina.core.AprLifecycleListener - APR/OpenSSL configuration: useAprConnector [false], useOpenSSL [true]
2020-12-07 13:02:58.528 [main] INFO  org.apache.catalina.core.AprLifecycleListener - OpenSSL successfully initialized [OpenSSL 1.1.1g  21 Apr 2020]
2020-12-07 13:02:58.583 [main] INFO  o.a.c.core.ContainerBase.[Tomcat].[localhost].[/] - Initializing Spring embedded WebApplicationContext
2020-12-07 13:02:58.583 [main] INFO  o.s.b.w.s.c.ServletWebServerApplicationContext - Root WebApplicationContext: initialization completed in 812 ms
2020-12-07 13:02:58.952 [main] INFO  o.s.scheduling.concurrent.ThreadPoolTaskExecutor - Initializing ExecutorService 'applicationTaskExecutor'
2020-12-07 13:02:59.182 [main] INFO  org.apache.coyote.http11.Http11NioProtocol - Starting ProtocolHandler ["http-nio-8080"]
2020-12-07 13:02:59.195 [main] INFO  o.s.boot.web.embedded.tomcat.TomcatWebServer - Tomcat started on port(s): 8080 (http) with context path ''
2020-12-07 13:02:59.203 [main] INFO  com.linghang.skimlessons.SkimlessonsApplication - Started SkimlessonsApplication in 1.92 seconds (JVM running for 2.771)
2020-12-07 13:03:06.169 [http-nio-8080-exec-2] INFO  o.a.c.core.ContainerBase.[Tomcat].[localhost].[/] - Initializing Spring DispatcherServlet 'dispatcherServlet'
2020-12-07 13:03:06.169 [http-nio-8080-exec-2] INFO  org.springframework.web.servlet.DispatcherServlet - Initializing Servlet 'dispatcherServlet'
2020-12-07 13:03:06.169 [http-nio-8080-exec-2] INFO  org.springframework.web.servlet.DispatcherServlet - Completed initialization in 0 ms
2020-12-07 13:03:06.243 [http-nio-8080-exec-2] INFO  com.alibaba.druid.pool.DruidDataSource - {dataSource-1} inited
2020-12-07 13:32:21.220 [main] INFO  com.linghang.skimlessons.SkimlessonsApplication - Starting SkimlessonsApplication using Java 1.8.0_251 on DESKTOP-CE12G9K with PID 20172 (D:\Microsoft Visual Studio\MyProjects\Homework\JAVA\Skimlessons\target\classes started by 田 in D:\Microsoft Visual Studio\MyProjects\Homework\JAVA\Skimlessons)
2020-12-07 13:32:21.223 [main] INFO  com.linghang.skimlessons.SkimlessonsApplication - The following profiles are active: dev
2020-12-07 13:32:21.982 [main] INFO  o.s.boot.web.embedded.tomcat.TomcatWebServer - Tomcat initialized with port(s): 8080 (http)
2020-12-07 13:32:21.987 [main] INFO  org.apache.coyote.http11.Http11NioProtocol - Initializing ProtocolHandler ["http-nio-8080"]
2020-12-07 13:32:21.988 [main] INFO  org.apache.catalina.core.StandardService - Starting service [Tomcat]
2020-12-07 13:32:21.988 [main] INFO  org.apache.catalina.core.StandardEngine - Starting Servlet engine: [Apache Tomcat/9.0.39]
2020-12-07 13:32:21.989 [main] INFO  org.apache.catalina.core.AprLifecycleListener - Loaded Apache Tomcat Native library [1.2.24] using APR version [1.7.0].
2020-12-07 13:32:21.989 [main] INFO  org.apache.catalina.core.AprLifecycleListener - APR capabilities: IPv6 [true], sendfile [true], accept filters [false], random [true].
2020-12-07 13:32:21.989 [main] INFO  org.apache.catalina.core.AprLifecycleListener - APR/OpenSSL configuration: useAprConnector [false], useOpenSSL [true]
2020-12-07 13:32:21.992 [main] INFO  org.apache.catalina.core.AprLifecycleListener - OpenSSL successfully initialized [OpenSSL 1.1.1g  21 Apr 2020]
2020-12-07 13:32:22.048 [main] INFO  o.a.c.core.ContainerBase.[Tomcat].[localhost].[/] - Initializing Spring embedded WebApplicationContext
2020-12-07 13:32:22.049 [main] INFO  o.s.b.w.s.c.ServletWebServerApplicationContext - Root WebApplicationContext: initialization completed in 791 ms
2020-12-07 13:32:22.392 [main] INFO  o.s.scheduling.concurrent.ThreadPoolTaskExecutor - Initializing ExecutorService 'applicationTaskExecutor'
2020-12-07 13:32:22.598 [main] INFO  org.apache.coyote.http11.Http11NioProtocol - Starting ProtocolHandler ["http-nio-8080"]
2020-12-07 13:32:22.611 [main] INFO  o.s.boot.web.embedded.tomcat.TomcatWebServer - Tomcat started on port(s): 8080 (http) with context path ''
2020-12-07 13:32:22.619 [main] INFO  com.linghang.skimlessons.SkimlessonsApplication - Started SkimlessonsApplication in 1.833 seconds (JVM running for 2.559)
2020-12-07 13:32:31.350 [http-nio-8080-exec-1] INFO  o.a.c.core.ContainerBase.[Tomcat].[localhost].[/] - Initializing Spring DispatcherServlet 'dispatcherServlet'
2020-12-07 13:32:31.351 [http-nio-8080-exec-1] INFO  org.springframework.web.servlet.DispatcherServlet - Initializing Servlet 'dispatcherServlet'
2020-12-07 13:32:31.351 [http-nio-8080-exec-1] INFO  org.springframework.web.servlet.DispatcherServlet - Completed initialization in 0 ms
2020-12-07 13:32:31.427 [http-nio-8080-exec-1] INFO  com.alibaba.druid.pool.DruidDataSource - {dataSource-1} inited
2020-12-07 13:37:25.170 [main] INFO  com.linghang.skimlessons.SkimlessonsApplication - Starting SkimlessonsApplication using Java 1.8.0_251 on DESKTOP-CE12G9K with PID 18376 (D:\Microsoft Visual Studio\MyProjects\Homework\JAVA\Skimlessons\target\classes started by 田 in D:\Microsoft Visual Studio\MyProjects\Homework\JAVA\Skimlessons)
2020-12-07 13:37:25.173 [main] INFO  com.linghang.skimlessons.SkimlessonsApplication - The following profiles are active: dev
2020-12-07 13:37:25.965 [main] INFO  o.s.boot.web.embedded.tomcat.TomcatWebServer - Tomcat initialized with port(s): 8080 (http)
2020-12-07 13:37:25.971 [main] INFO  org.apache.coyote.http11.Http11NioProtocol - Initializing ProtocolHandler ["http-nio-8080"]
2020-12-07 13:37:25.972 [main] INFO  org.apache.catalina.core.StandardService - Starting service [Tomcat]
2020-12-07 13:37:25.972 [main] INFO  org.apache.catalina.core.StandardEngine - Starting Servlet engine: [Apache Tomcat/9.0.39]
2020-12-07 13:37:25.973 [main] INFO  org.apache.catalina.core.AprLifecycleListener - Loaded Apache Tomcat Native library [1.2.24] using APR version [1.7.0].
2020-12-07 13:37:25.973 [main] INFO  org.apache.catalina.core.AprLifecycleListener - APR capabilities: IPv6 [true], sendfile [true], accept filters [false], random [true].
2020-12-07 13:37:25.973 [main] INFO  org.apache.catalina.core.AprLifecycleListener - APR/OpenSSL configuration: useAprConnector [false], useOpenSSL [true]
2020-12-07 13:37:25.976 [main] INFO  org.apache.catalina.core.AprLifecycleListener - OpenSSL successfully initialized [OpenSSL 1.1.1g  21 Apr 2020]
2020-12-07 13:37:26.032 [main] INFO  o.a.c.core.ContainerBase.[Tomcat].[localhost].[/] - Initializing Spring embedded WebApplicationContext
2020-12-07 13:37:26.032 [main] INFO  o.s.b.w.s.c.ServletWebServerApplicationContext - Root WebApplicationContext: initialization completed in 822 ms
2020-12-07 13:37:26.392 [main] INFO  o.s.scheduling.concurrent.ThreadPoolTaskExecutor - Initializing ExecutorService 'applicationTaskExecutor'
2020-12-07 13:37:26.619 [main] INFO  org.apache.coyote.http11.Http11NioProtocol - Starting ProtocolHandler ["http-nio-8080"]
2020-12-07 13:37:26.631 [main] INFO  o.s.boot.web.embedded.tomcat.TomcatWebServer - Tomcat started on port(s): 8080 (http) with context path ''
2020-12-07 13:37:26.639 [main] INFO  com.linghang.skimlessons.SkimlessonsApplication - Started SkimlessonsApplication in 1.913 seconds (JVM running for 2.601)
2020-12-07 13:37:47.101 [http-nio-8080-exec-2] INFO  o.a.c.core.ContainerBase.[Tomcat].[localhost].[/] - Initializing Spring DispatcherServlet 'dispatcherServlet'
2020-12-07 13:37:47.101 [http-nio-8080-exec-2] INFO  org.springframework.web.servlet.DispatcherServlet - Initializing Servlet 'dispatcherServlet'
2020-12-07 13:37:47.102 [http-nio-8080-exec-2] INFO  org.springframework.web.servlet.DispatcherServlet - Completed initialization in 0 ms
2020-12-07 13:38:04.978 [http-nio-8080-exec-3] INFO  com.alibaba.druid.pool.DruidDataSource - {dataSource-1} inited
2020-12-07 13:51:21.352 [main] INFO  com.linghang.skimlessons.SkimlessonsApplication - Starting SkimlessonsApplication using Java 1.8.0_251 on DESKTOP-CE12G9K with PID 15980 (D:\Microsoft Visual Studio\MyProjects\Homework\JAVA\Skimlessons\target\classes started by 田 in D:\Microsoft Visual Studio\MyProjects\Homework\JAVA\Skimlessons)
2020-12-07 13:51:21.354 [main] INFO  com.linghang.skimlessons.SkimlessonsApplication - The following profiles are active: dev
2020-12-07 13:51:22.387 [main] INFO  o.s.boot.web.embedded.tomcat.TomcatWebServer - Tomcat initialized with port(s): 8080 (http)
2020-12-07 13:51:22.395 [main] INFO  org.apache.coyote.http11.Http11NioProtocol - Initializing ProtocolHandler ["http-nio-8080"]
2020-12-07 13:51:22.395 [main] INFO  org.apache.catalina.core.StandardService - Starting service [Tomcat]
2020-12-07 13:51:22.396 [main] INFO  org.apache.catalina.core.StandardEngine - Starting Servlet engine: [Apache Tomcat/9.0.39]
2020-12-07 13:51:22.397 [main] INFO  org.apache.catalina.core.AprLifecycleListener - Loaded Apache Tomcat Native library [1.2.24] using APR version [1.7.0].
2020-12-07 13:51:22.397 [main] INFO  org.apache.catalina.core.AprLifecycleListener - APR capabilities: IPv6 [true], sendfile [true], accept filters [false], random [true].
2020-12-07 13:51:22.398 [main] INFO  org.apache.catalina.core.AprLifecycleListener - APR/OpenSSL configuration: useAprConnector [false], useOpenSSL [true]
2020-12-07 13:51:22.410 [main] INFO  org.apache.catalina.core.AprLifecycleListener - OpenSSL successfully initialized [OpenSSL 1.1.1g  21 Apr 2020]
2020-12-07 13:51:22.472 [main] INFO  o.a.c.core.ContainerBase.[Tomcat].[localhost].[/] - Initializing Spring embedded WebApplicationContext
2020-12-07 13:51:22.472 [main] INFO  o.s.b.w.s.c.ServletWebServerApplicationContext - Root WebApplicationContext: initialization completed in 1087 ms
2020-12-07 13:51:22.873 [main] INFO  o.s.scheduling.concurrent.ThreadPoolTaskExecutor - Initializing ExecutorService 'applicationTaskExecutor'
2020-12-07 13:51:23.101 [main] INFO  org.apache.coyote.http11.Http11NioProtocol - Starting ProtocolHandler ["http-nio-8080"]
2020-12-07 13:51:23.114 [main] INFO  o.s.boot.web.embedded.tomcat.TomcatWebServer - Tomcat started on port(s): 8080 (http) with context path ''
2020-12-07 13:51:23.121 [main] INFO  com.linghang.skimlessons.SkimlessonsApplication - Started SkimlessonsApplication in 2.211 seconds (JVM running for 3.042)
2020-12-07 13:51:30.270 [http-nio-8080-exec-2] INFO  o.a.c.core.ContainerBase.[Tomcat].[localhost].[/] - Initializing Spring DispatcherServlet 'dispatcherServlet'
2020-12-07 13:51:30.270 [http-nio-8080-exec-2] INFO  org.springframework.web.servlet.DispatcherServlet - Initializing Servlet 'dispatcherServlet'
2020-12-07 13:51:30.271 [http-nio-8080-exec-2] INFO  org.springframework.web.servlet.DispatcherServlet - Completed initialization in 1 ms
2020-12-07 13:51:30.354 [http-nio-8080-exec-2] INFO  com.alibaba.druid.pool.DruidDataSource - {dataSource-1} inited
2020-12-07 16:56:39.633 [main] INFO  com.linghang.skimlessons.SkimlessonsApplication - Starting SkimlessonsApplication using Java 1.8.0_251 on DESKTOP-CE12G9K with PID 21880 (D:\Microsoft Visual Studio\MyProjects\Homework\JAVA\Skimlessons\target\classes started by 田 in D:\Microsoft Visual Studio\MyProjects\Homework\JAVA\Skimlessons)
2020-12-07 16:56:39.658 [main] INFO  com.linghang.skimlessons.SkimlessonsApplication - The following profiles are active: dev
2020-12-07 16:56:40.443 [main] INFO  o.s.boot.web.embedded.tomcat.TomcatWebServer - Tomcat initialized with port(s): 8080 (http)
2020-12-07 16:56:40.453 [main] INFO  org.apache.coyote.http11.Http11NioProtocol - Initializing ProtocolHandler ["http-nio-8080"]
2020-12-07 16:56:40.455 [main] INFO  org.apache.catalina.core.StandardService - Starting service [Tomcat]
2020-12-07 16:56:40.457 [main] INFO  org.apache.catalina.core.StandardEngine - Starting Servlet engine: [Apache Tomcat/9.0.39]
2020-12-07 16:56:40.461 [main] INFO  org.apache.catalina.core.AprLifecycleListener - Loaded Apache Tomcat Native library [1.2.24] using APR version [1.7.0].
2020-12-07 16:56:40.461 [main] INFO  org.apache.catalina.core.AprLifecycleListener - APR capabilities: IPv6 [true], sendfile [true], accept filters [false], random [true].
2020-12-07 16:56:40.462 [main] INFO  org.apache.catalina.core.AprLifecycleListener - APR/OpenSSL configuration: useAprConnector [false], useOpenSSL [true]
2020-12-07 16:56:40.470 [main] INFO  org.apache.catalina.core.AprLifecycleListener - OpenSSL successfully initialized [OpenSSL 1.1.1g  21 Apr 2020]
2020-12-07 16:56:40.547 [main] INFO  o.a.c.core.ContainerBase.[Tomcat].[localhost].[/] - Initializing Spring embedded WebApplicationContext
2020-12-07 16:56:40.547 [main] INFO  o.s.b.w.s.c.ServletWebServerApplicationContext - Root WebApplicationContext: initialization completed in 849 ms
2020-12-07 16:56:41.000 [main] INFO  o.s.scheduling.concurrent.ThreadPoolTaskExecutor - Initializing ExecutorService 'applicationTaskExecutor'
2020-12-07 16:56:41.226 [main] INFO  org.apache.coyote.http11.Http11NioProtocol - Starting ProtocolHandler ["http-nio-8080"]
2020-12-07 16:56:41.239 [main] INFO  o.s.boot.web.embedded.tomcat.TomcatWebServer - Tomcat started on port(s): 8080 (http) with context path ''
2020-12-07 16:56:41.249 [main] INFO  com.linghang.skimlessons.SkimlessonsApplication - Started SkimlessonsApplication in 2.053 seconds (JVM running for 2.682)
2020-12-07 16:57:23.170 [http-nio-8080-exec-2] INFO  o.a.c.core.ContainerBase.[Tomcat].[localhost].[/] - Initializing Spring DispatcherServlet 'dispatcherServlet'
2020-12-07 16:57:23.171 [http-nio-8080-exec-2] INFO  org.springframework.web.servlet.DispatcherServlet - Initializing Servlet 'dispatcherServlet'
2020-12-07 16:57:23.171 [http-nio-8080-exec-2] INFO  org.springframework.web.servlet.DispatcherServlet - Completed initialization in 0 ms
2020-12-07 16:57:23.273 [http-nio-8080-exec-2] INFO  com.alibaba.druid.pool.DruidDataSource - {dataSource-1} inited
2020-12-07 17:35:45.744 [main] INFO  com.linghang.skimlessons.SkimlessonsApplication - Starting SkimlessonsApplication using Java 1.8.0_251 on DESKTOP-CE12G9K with PID 23508 (D:\Microsoft Visual Studio\MyProjects\Homework\JAVA\Skimlessons\target\classes started by 田 in D:\Microsoft Visual Studio\MyProjects\Homework\JAVA\Skimlessons)
2020-12-07 17:35:45.770 [main] INFO  com.linghang.skimlessons.SkimlessonsApplication - The following profiles are active: dev
2020-12-07 17:35:46.466 [main] INFO  o.s.boot.web.embedded.tomcat.TomcatWebServer - Tomcat initialized with port(s): 8080 (http)
2020-12-07 17:35:46.472 [main] INFO  org.apache.coyote.http11.Http11NioProtocol - Initializing ProtocolHandler ["http-nio-8080"]
2020-12-07 17:35:46.473 [main] INFO  org.apache.catalina.core.StandardService - Starting service [Tomcat]
2020-12-07 17:35:46.473 [main] INFO  org.apache.catalina.core.StandardEngine - Starting Servlet engine: [Apache Tomcat/9.0.39]
2020-12-07 17:35:46.474 [main] INFO  org.apache.catalina.core.AprLifecycleListener - Loaded Apache Tomcat Native library [1.2.24] using APR version [1.7.0].
2020-12-07 17:35:46.474 [main] INFO  org.apache.catalina.core.AprLifecycleListener - APR capabilities: IPv6 [true], sendfile [true], accept filters [false], random [true].
2020-12-07 17:35:46.474 [main] INFO  org.apache.catalina.core.AprLifecycleListener - APR/OpenSSL configuration: useAprConnector [false], useOpenSSL [true]
2020-12-07 17:35:46.477 [main] INFO  org.apache.catalina.core.AprLifecycleListener - OpenSSL successfully initialized [OpenSSL 1.1.1g  21 Apr 2020]
2020-12-07 17:35:46.578 [main] INFO  o.a.c.core.ContainerBase.[Tomcat].[localhost].[/] - Initializing Spring embedded WebApplicationContext
2020-12-07 17:35:46.578 [main] INFO  o.s.b.w.s.c.ServletWebServerApplicationContext - Root WebApplicationContext: initialization completed in 778 ms
2020-12-07 17:35:46.972 [main] INFO  o.s.scheduling.concurrent.ThreadPoolTaskExecutor - Initializing ExecutorService 'applicationTaskExecutor'
2020-12-07 17:35:47.220 [main] INFO  org.apache.coyote.http11.Http11NioProtocol - Starting ProtocolHandler ["http-nio-8080"]
2020-12-07 17:35:47.233 [main] INFO  o.s.boot.web.embedded.tomcat.TomcatWebServer - Tomcat started on port(s): 8080 (http) with context path ''
2020-12-07 17:35:47.241 [main] INFO  com.linghang.skimlessons.SkimlessonsApplication - Started SkimlessonsApplication in 1.912 seconds (JVM running for 2.488)
2020-12-07 17:36:21.997 [http-nio-8080-exec-1] INFO  o.a.c.core.ContainerBase.[Tomcat].[localhost].[/] - Initializing Spring DispatcherServlet 'dispatcherServlet'
2020-12-07 17:36:21.997 [http-nio-8080-exec-1] INFO  org.springframework.web.servlet.DispatcherServlet - Initializing Servlet 'dispatcherServlet'
2020-12-07 17:36:21.998 [http-nio-8080-exec-1] INFO  org.springframework.web.servlet.DispatcherServlet - Completed initialization in 1 ms
2020-12-07 17:36:22.097 [http-nio-8080-exec-1] INFO  com.alibaba.druid.pool.DruidDataSource - {dataSource-1} inited
2020-12-07 17:39:04.682 [main] INFO  com.linghang.skimlessons.SkimlessonsApplication - Starting SkimlessonsApplication using Java 1.8.0_251 on DESKTOP-CE12G9K with PID 23504 (D:\Microsoft Visual Studio\MyProjects\Homework\JAVA\Skimlessons\target\classes started by 田 in D:\Microsoft Visual Studio\MyProjects\Homework\JAVA\Skimlessons)
2020-12-07 17:39:04.686 [main] INFO  com.linghang.skimlessons.SkimlessonsApplication - The following profiles are active: dev
2020-12-07 17:39:05.495 [main] INFO  o.s.boot.web.embedded.tomcat.TomcatWebServer - Tomcat initialized with port(s): 8080 (http)
2020-12-07 17:39:05.501 [main] INFO  org.apache.coyote.http11.Http11NioProtocol - Initializing ProtocolHandler ["http-nio-8080"]
2020-12-07 17:39:05.501 [main] INFO  org.apache.catalina.core.StandardService - Starting service [Tomcat]
2020-12-07 17:39:05.502 [main] INFO  org.apache.catalina.core.StandardEngine - Starting Servlet engine: [Apache Tomcat/9.0.39]
2020-12-07 17:39:05.503 [main] INFO  org.apache.catalina.core.AprLifecycleListener - Loaded Apache Tomcat Native library [1.2.24] using APR version [1.7.0].
2020-12-07 17:39:05.503 [main] INFO  org.apache.catalina.core.AprLifecycleListener - APR capabilities: IPv6 [true], sendfile [true], accept filters [false], random [true].
2020-12-07 17:39:05.503 [main] INFO  org.apache.catalina.core.AprLifecycleListener - APR/OpenSSL configuration: useAprConnector [false], useOpenSSL [true]
2020-12-07 17:39:05.506 [main] INFO  org.apache.catalina.core.AprLifecycleListener - OpenSSL successfully initialized [OpenSSL 1.1.1g  21 Apr 2020]
2020-12-07 17:39:05.564 [main] INFO  o.a.c.core.ContainerBase.[Tomcat].[localhost].[/] - Initializing Spring embedded WebApplicationContext
2020-12-07 17:39:05.564 [main] INFO  o.s.b.w.s.c.ServletWebServerApplicationContext - Root WebApplicationContext: initialization completed in 828 ms
2020-12-07 17:39:05.912 [main] INFO  o.s.scheduling.concurrent.ThreadPoolTaskExecutor - Initializing ExecutorService 'applicationTaskExecutor'
2020-12-07 17:39:06.149 [main] INFO  org.apache.coyote.http11.Http11NioProtocol - Starting ProtocolHandler ["http-nio-8080"]
2020-12-07 17:39:06.161 [main] INFO  o.s.boot.web.embedded.tomcat.TomcatWebServer - Tomcat started on port(s): 8080 (http) with context path ''
2020-12-07 17:39:06.169 [main] INFO  com.linghang.skimlessons.SkimlessonsApplication - Started SkimlessonsApplication in 2.018 seconds (JVM running for 2.825)
2020-12-07 17:39:35.936 [http-nio-8080-exec-4] INFO  o.a.c.core.ContainerBase.[Tomcat].[localhost].[/] - Initializing Spring DispatcherServlet 'dispatcherServlet'
2020-12-07 17:39:35.936 [http-nio-8080-exec-4] INFO  org.springframework.web.servlet.DispatcherServlet - Initializing Servlet 'dispatcherServlet'
2020-12-07 17:39:35.937 [http-nio-8080-exec-4] INFO  org.springframework.web.servlet.DispatcherServlet - Completed initialization in 1 ms
2020-12-07 17:39:36.017 [http-nio-8080-exec-4] INFO  com.alibaba.druid.pool.DruidDataSource - {dataSource-1} inited
2020-12-07 17:58:03.413 [main] INFO  com.linghang.skimlessons.SkimlessonsApplication - Starting SkimlessonsApplication using Java 1.8.0_251 on DESKTOP-CE12G9K with PID 15932 (D:\Microsoft Visual Studio\MyProjects\Homework\JAVA\Skimlessons\target\classes started by 田 in D:\Microsoft Visual Studio\MyProjects\Homework\JAVA\Skimlessons)
2020-12-07 17:58:03.416 [main] INFO  com.linghang.skimlessons.SkimlessonsApplication - The following profiles are active: dev
2020-12-07 17:58:04.192 [main] INFO  o.s.boot.web.embedded.tomcat.TomcatWebServer - Tomcat initialized with port(s): 8080 (http)
2020-12-07 17:58:04.199 [main] INFO  org.apache.coyote.http11.Http11NioProtocol - Initializing ProtocolHandler ["http-nio-8080"]
2020-12-07 17:58:04.200 [main] INFO  org.apache.catalina.core.StandardService - Starting service [Tomcat]
2020-12-07 17:58:04.200 [main] INFO  org.apache.catalina.core.StandardEngine - Starting Servlet engine: [Apache Tomcat/9.0.39]
2020-12-07 17:58:04.201 [main] INFO  org.apache.catalina.core.AprLifecycleListener - Loaded Apache Tomcat Native library [1.2.24] using APR version [1.7.0].
2020-12-07 17:58:04.202 [main] INFO  org.apache.catalina.core.AprLifecycleListener - APR capabilities: IPv6 [true], sendfile [true], accept filters [false], random [true].
2020-12-07 17:58:04.202 [main] INFO  org.apache.catalina.core.AprLifecycleListener - APR/OpenSSL configuration: useAprConnector [false], useOpenSSL [true]
2020-12-07 17:58:04.205 [main] INFO  org.apache.catalina.core.AprLifecycleListener - OpenSSL successfully initialized [OpenSSL 1.1.1g  21 Apr 2020]
2020-12-07 17:58:04.274 [main] INFO  o.a.c.core.ContainerBase.[Tomcat].[localhost].[/] - Initializing Spring embedded WebApplicationContext
2020-12-07 17:58:04.274 [main] INFO  o.s.b.w.s.c.ServletWebServerApplicationContext - Root WebApplicationContext: initialization completed in 821 ms
2020-12-07 17:58:04.708 [main] INFO  o.s.scheduling.concurrent.ThreadPoolTaskExecutor - Initializing ExecutorService 'applicationTaskExecutor'
2020-12-07 17:58:04.928 [main] INFO  org.apache.coyote.http11.Http11NioProtocol - Starting ProtocolHandler ["http-nio-8080"]
2020-12-07 17:58:04.941 [main] INFO  o.s.boot.web.embedded.tomcat.TomcatWebServer - Tomcat started on port(s): 8080 (http) with context path ''
2020-12-07 17:58:04.948 [main] INFO  com.linghang.skimlessons.SkimlessonsApplication - Started SkimlessonsApplication in 1.952 seconds (JVM running for 2.665)
2020-12-07 17:58:11.426 [http-nio-8080-exec-3] INFO  o.a.c.core.ContainerBase.[Tomcat].[localhost].[/] - Initializing Spring DispatcherServlet 'dispatcherServlet'
2020-12-07 17:58:11.427 [http-nio-8080-exec-3] INFO  org.springframework.web.servlet.DispatcherServlet - Initializing Servlet 'dispatcherServlet'
2020-12-07 17:58:11.428 [http-nio-8080-exec-3] INFO  org.springframework.web.servlet.DispatcherServlet - Completed initialization in 1 ms
2020-12-07 17:58:11.520 [http-nio-8080-exec-3] INFO  com.alibaba.druid.pool.DruidDataSource - {dataSource-1} inited
2020-12-07 18:06:56.262 [main] INFO  com.linghang.skimlessons.SkimlessonsApplication - Starting SkimlessonsApplication using Java 1.8.0_251 on DESKTOP-CE12G9K with PID 2900 (D:\Microsoft Visual Studio\MyProjects\Homework\JAVA\Skimlessons\target\classes started by 田 in D:\Microsoft Visual Studio\MyProjects\Homework\JAVA\Skimlessons)
2020-12-07 18:06:56.265 [main] INFO  com.linghang.skimlessons.SkimlessonsApplication - The following profiles are active: dev
2020-12-07 18:06:57.080 [main] INFO  o.s.boot.web.embedded.tomcat.TomcatWebServer - Tomcat initialized with port(s): 8080 (http)
2020-12-07 18:06:57.086 [main] INFO  org.apache.coyote.http11.Http11NioProtocol - Initializing ProtocolHandler ["http-nio-8080"]
2020-12-07 18:06:57.087 [main] INFO  org.apache.catalina.core.StandardService - Starting service [Tomcat]
2020-12-07 18:06:57.087 [main] INFO  org.apache.catalina.core.StandardEngine - Starting Servlet engine: [Apache Tomcat/9.0.39]
2020-12-07 18:06:57.088 [main] INFO  org.apache.catalina.core.AprLifecycleListener - Loaded Apache Tomcat Native library [1.2.24] using APR version [1.7.0].
2020-12-07 18:06:57.088 [main] INFO  org.apache.catalina.core.AprLifecycleListener - APR capabilities: IPv6 [true], sendfile [true], accept filters [false], random [true].
2020-12-07 18:06:57.088 [main] INFO  org.apache.catalina.core.AprLifecycleListener - APR/OpenSSL configuration: useAprConnector [false], useOpenSSL [true]
2020-12-07 18:06:57.091 [main] INFO  org.apache.catalina.core.AprLifecycleListener - OpenSSL successfully initialized [OpenSSL 1.1.1g  21 Apr 2020]
2020-12-07 18:06:57.162 [main] INFO  o.a.c.core.ContainerBase.[Tomcat].[localhost].[/] - Initializing Spring embedded WebApplicationContext
2020-12-07 18:06:57.162 [main] INFO  o.s.b.w.s.c.ServletWebServerApplicationContext - Root WebApplicationContext: initialization completed in 846 ms
2020-12-07 18:06:57.510 [main] INFO  o.s.scheduling.concurrent.ThreadPoolTaskExecutor - Initializing ExecutorService 'applicationTaskExecutor'
2020-12-07 18:06:57.736 [main] INFO  org.apache.coyote.http11.Http11NioProtocol - Starting ProtocolHandler ["http-nio-8080"]
2020-12-07 18:06:57.748 [main] INFO  o.s.boot.web.embedded.tomcat.TomcatWebServer - Tomcat started on port(s): 8080 (http) with context path ''
2020-12-07 18:06:57.756 [main] INFO  com.linghang.skimlessons.SkimlessonsApplication - Started SkimlessonsApplication in 1.961 seconds (JVM running for 2.757)
2020-12-07 18:07:11.161 [http-nio-8080-exec-4] INFO  o.a.c.core.ContainerBase.[Tomcat].[localhost].[/] - Initializing Spring DispatcherServlet 'dispatcherServlet'
2020-12-07 18:07:11.162 [http-nio-8080-exec-4] INFO  org.springframework.web.servlet.DispatcherServlet - Initializing Servlet 'dispatcherServlet'
2020-12-07 18:07:11.162 [http-nio-8080-exec-4] INFO  org.springframework.web.servlet.DispatcherServlet - Completed initialization in 0 ms
2020-12-07 18:07:11.241 [http-nio-8080-exec-4] INFO  com.alibaba.druid.pool.DruidDataSource - {dataSource-1} inited
2020-12-07 18:07:49.442 [main] INFO  com.linghang.skimlessons.dao.DaoTest - Starting DaoTest using Java 1.8.0_131 on DESKTOP-CE12G9K with PID 14928 (started by 田 in D:\Microsoft Visual Studio\MyProjects\Homework\JAVA\Skimlessons)
2020-12-07 18:07:49.443 [main] INFO  com.linghang.skimlessons.dao.DaoTest - The following profiles are active: dev
2020-12-07 18:07:51.271 [main] INFO  o.s.scheduling.concurrent.ThreadPoolTaskExecutor - Initializing ExecutorService 'applicationTaskExecutor'
2020-12-07 18:07:51.950 [main] INFO  com.linghang.skimlessons.dao.DaoTest - Started DaoTest in 2.965 seconds (JVM running for 4.007)
2020-12-07 18:07:55.798 [main] INFO  com.alibaba.druid.pool.DruidDataSource - {dataSource-1} inited
2020-12-07 18:07:58.201 [main] INFO  o.s.b.t.context.SpringBootTestContextBootstrapper - Neither @ContextConfiguration nor @ContextHierarchy found for test class [com.linghang.skimlessons.service.ServiceTest], using SpringBootContextLoader
2020-12-07 18:07:58.202 [main] INFO  o.s.test.context.support.AbstractContextLoader - Could not detect default resource locations for test class [com.linghang.skimlessons.service.ServiceTest]: no resource found for suffixes {-context.xml, Context.groovy}.
2020-12-07 18:07:58.202 [main] INFO  o.s.t.c.support.AnnotationConfigContextLoaderUtils - Could not detect default configuration classes for test class [com.linghang.skimlessons.service.ServiceTest]: ServiceTest does not declare any static, non-private, non-final, nested classes annotated with @Configuration.
2020-12-07 18:07:58.209 [main] INFO  o.s.b.t.context.SpringBootTestContextBootstrapper - Found @SpringBootConfiguration com.linghang.skimlessons.SkimlessonsApplication for test class com.linghang.skimlessons.service.ServiceTest
2020-12-07 18:07:58.210 [main] INFO  o.s.b.t.context.SpringBootTestContextBootstrapper - Loaded default TestExecutionListener class names from location [META-INF/spring.factories]: [org.springframework.boot.test.mock.mockito.MockitoTestExecutionListener, org.springframework.boot.test.mock.mockito.ResetMocksTestExecutionListener, org.springframework.boot.test.autoconfigure.restdocs.RestDocsTestExecutionListener, org.springframework.boot.test.autoconfigure.web.client.MockRestServiceServerResetTestExecutionListener, org.springframework.boot.test.autoconfigure.web.servlet.MockMvcPrintOnlyOnFailureTestExecutionListener, org.springframework.boot.test.autoconfigure.web.servlet.WebDriverTestExecutionListener, org.springframework.boot.test.autoconfigure.webservices.client.MockWebServiceServerTestExecutionListener, org.springframework.test.context.web.ServletTestExecutionListener, org.springframework.test.context.support.DirtiesContextBeforeModesTestExecutionListener, org.springframework.test.context.support.DependencyInjectionTestExecutionListener, org.springframework.test.context.support.DirtiesContextTestExecutionListener, org.springframework.test.context.transaction.TransactionalTestExecutionListener, org.springframework.test.context.jdbc.SqlScriptsTestExecutionListener, org.springframework.test.context.event.EventPublishingTestExecutionListener]
2020-12-07 18:07:58.211 [main] INFO  o.s.b.t.context.SpringBootTestContextBootstrapper - Using TestExecutionListeners: [org.springframework.test.context.web.ServletTestExecutionListener@69d3cf7e, org.springframework.test.context.support.DirtiesContextBeforeModesTestExecutionListener@3a3ed300, org.springframework.boot.test.mock.mockito.MockitoTestExecutionListener@1984212d, org.springframework.boot.test.autoconfigure.SpringBootDependencyInjectionTestExecutionListener@39f5b723, org.springframework.test.context.support.DirtiesContextTestExecutionListener@4eaa375c, org.springframework.test.context.transaction.TransactionalTestExecutionListener@2404b5a, org.springframework.test.context.jdbc.SqlScriptsTestExecutionListener@3af58f76, org.springframework.test.context.event.EventPublishingTestExecutionListener@2ead6ba4, org.springframework.boot.test.mock.mockito.ResetMocksTestExecutionListener@31a2a9fa, org.springframework.boot.test.autoconfigure.restdocs.RestDocsTestExecutionListener@31b82e0f, org.springframework.boot.test.autoconfigure.web.client.MockRestServiceServerResetTestExecutionListener@27a09971, org.springframework.boot.test.autoconfigure.web.servlet.MockMvcPrintOnlyOnFailureTestExecutionListener@6215366a, org.springframework.boot.test.autoconfigure.web.servlet.WebDriverTestExecutionListener@46dcbeab, org.springframework.boot.test.autoconfigure.webservices.client.MockWebServiceServerTestExecutionListener@36e43829]
2020-12-07 18:07:58.327 [main] INFO  o.s.b.t.context.SpringBootTestContextBootstrapper - Neither @ContextConfiguration nor @ContextHierarchy found for test class [com.linghang.skimlessons.SkimlessonsApplicationTests], using SpringBootContextLoader
2020-12-07 18:07:58.329 [main] INFO  o.s.test.context.support.AbstractContextLoader - Could not detect default resource locations for test class [com.linghang.skimlessons.SkimlessonsApplicationTests]: no resource found for suffixes {-context.xml, Context.groovy}.
2020-12-07 18:07:58.329 [main] INFO  o.s.t.c.support.AnnotationConfigContextLoaderUtils - Could not detect default configuration classes for test class [com.linghang.skimlessons.SkimlessonsApplicationTests]: SkimlessonsApplicationTests does not declare any static, non-private, non-final, nested classes annotated with @Configuration.
2020-12-07 18:07:58.333 [main] INFO  o.s.b.t.context.SpringBootTestContextBootstrapper - Found @SpringBootConfiguration com.linghang.skimlessons.SkimlessonsApplication for test class com.linghang.skimlessons.SkimlessonsApplicationTests
2020-12-07 18:07:58.335 [main] INFO  o.s.b.t.context.SpringBootTestContextBootstrapper - Loaded default TestExecutionListener class names from location [META-INF/spring.factories]: [org.springframework.boot.test.mock.mockito.MockitoTestExecutionListener, org.springframework.boot.test.mock.mockito.ResetMocksTestExecutionListener, org.springframework.boot.test.autoconfigure.restdocs.RestDocsTestExecutionListener, org.springframework.boot.test.autoconfigure.web.client.MockRestServiceServerResetTestExecutionListener, org.springframework.boot.test.autoconfigure.web.servlet.MockMvcPrintOnlyOnFailureTestExecutionListener, org.springframework.boot.test.autoconfigure.web.servlet.WebDriverTestExecutionListener, org.springframework.boot.test.autoconfigure.webservices.client.MockWebServiceServerTestExecutionListener, org.springframework.test.context.web.ServletTestExecutionListener, org.springframework.test.context.support.DirtiesContextBeforeModesTestExecutionListener, org.springframework.test.context.support.DependencyInjectionTestExecutionListener, org.springframework.test.context.support.DirtiesContextTestExecutionListener, org.springframework.test.context.transaction.TransactionalTestExecutionListener, org.springframework.test.context.jdbc.SqlScriptsTestExecutionListener, org.springframework.test.context.event.EventPublishingTestExecutionListener]
2020-12-07 18:07:58.335 [main] INFO  o.s.b.t.context.SpringBootTestContextBootstrapper - Using TestExecutionListeners: [org.springframework.test.context.web.ServletTestExecutionListener@7dcb42a9, org.springframework.test.context.support.DirtiesContextBeforeModesTestExecutionListener@6af90849, org.springframework.boot.test.mock.mockito.MockitoTestExecutionListener@1d06f16f, org.springframework.boot.test.autoconfigure.SpringBootDependencyInjectionTestExecutionListener@4fa4f485, org.springframework.test.context.support.DirtiesContextTestExecutionListener@68dd39d2, org.springframework.test.context.transaction.TransactionalTestExecutionListener@4a44cfc0, org.springframework.test.context.jdbc.SqlScriptsTestExecutionListener@60e3c26e, org.springframework.test.context.event.EventPublishingTestExecutionListener@80b122b, org.springframework.boot.test.mock.mockito.ResetMocksTestExecutionListener@999b951, org.springframework.boot.test.autoconfigure.restdocs.RestDocsTestExecutionListener@65cf4d6d, org.springframework.boot.test.autoconfigure.web.client.MockRestServiceServerResetTestExecutionListener@1b410308, org.springframework.boot.test.autoconfigure.web.servlet.MockMvcPrintOnlyOnFailureTestExecutionListener@4b0bd001, org.springframework.boot.test.autoconfigure.web.servlet.WebDriverTestExecutionListener@f9cab00, org.springframework.boot.test.autoconfigure.webservices.client.MockWebServiceServerTestExecutionListener@10272bbb]
2020-12-07 18:07:58.544 [SpringContextShutdownHook] INFO  o.s.scheduling.concurrent.ThreadPoolTaskExecutor - Shutting down ExecutorService 'applicationTaskExecutor'
2020-12-07 18:07:58.551 [SpringContextShutdownHook] INFO  com.alibaba.druid.pool.DruidDataSource - {dataSource-1} closed
2020-12-07 18:19:19.104 [main] INFO  com.linghang.skimlessons.SkimlessonsApplication - Starting SkimlessonsApplication using Java 1.8.0_251 on DESKTOP-CE12G9K with PID 23472 (D:\Microsoft Visual Studio\MyProjects\Homework\JAVA\Skimlessons\target\classes started by 田 in D:\Microsoft Visual Studio\MyProjects\Homework\JAVA\Skimlessons)
2020-12-07 18:19:19.106 [main] INFO  com.linghang.skimlessons.SkimlessonsApplication - The following profiles are active: dev
2020-12-07 18:19:19.939 [main] INFO  o.s.boot.web.embedded.tomcat.TomcatWebServer - Tomcat initialized with port(s): 8080 (http)
2020-12-07 18:19:19.946 [main] INFO  org.apache.coyote.http11.Http11NioProtocol - Initializing ProtocolHandler ["http-nio-8080"]
2020-12-07 18:19:19.946 [main] INFO  org.apache.catalina.core.StandardService - Starting service [Tomcat]
2020-12-07 18:19:19.946 [main] INFO  org.apache.catalina.core.StandardEngine - Starting Servlet engine: [Apache Tomcat/9.0.39]
2020-12-07 18:19:19.948 [main] INFO  org.apache.catalina.core.AprLifecycleListener - Loaded Apache Tomcat Native library [1.2.24] using APR version [1.7.0].
2020-12-07 18:19:19.948 [main] INFO  org.apache.catalina.core.AprLifecycleListener - APR capabilities: IPv6 [true], sendfile [true], accept filters [false], random [true].
2020-12-07 18:19:19.948 [main] INFO  org.apache.catalina.core.AprLifecycleListener - APR/OpenSSL configuration: useAprConnector [false], useOpenSSL [true]
2020-12-07 18:19:19.950 [main] INFO  org.apache.catalina.core.AprLifecycleListener - OpenSSL successfully initialized [OpenSSL 1.1.1g  21 Apr 2020]
2020-12-07 18:19:20.009 [main] INFO  o.a.c.core.ContainerBase.[Tomcat].[localhost].[/] - Initializing Spring embedded WebApplicationContext
2020-12-07 18:19:20.009 [main] INFO  o.s.b.w.s.c.ServletWebServerApplicationContext - Root WebApplicationContext: initialization completed in 860 ms
2020-12-07 18:19:20.405 [main] INFO  o.s.scheduling.concurrent.ThreadPoolTaskExecutor - Initializing ExecutorService 'applicationTaskExecutor'
2020-12-07 18:19:20.624 [main] INFO  org.apache.coyote.http11.Http11NioProtocol - Starting ProtocolHandler ["http-nio-8080"]
2020-12-07 18:19:20.638 [main] INFO  o.s.boot.web.embedded.tomcat.TomcatWebServer - Tomcat started on port(s): 8080 (http) with context path ''
2020-12-07 18:19:20.646 [main] INFO  com.linghang.skimlessons.SkimlessonsApplication - Started SkimlessonsApplication in 1.983 seconds (JVM running for 2.638)
2020-12-07 18:28:47.052 [main] INFO  com.linghang.skimlessons.SkimlessonsApplication - Starting SkimlessonsApplication using Java 1.8.0_251 on DESKTOP-CE12G9K with PID 23000 (D:\Microsoft Visual Studio\MyProjects\Homework\JAVA\Skimlessons\target\classes started by 田 in D:\Microsoft Visual Studio\MyProjects\Homework\JAVA\Skimlessons)
2020-12-07 18:28:47.055 [main] INFO  com.linghang.skimlessons.SkimlessonsApplication - The following profiles are active: dev
2020-12-07 18:28:47.820 [main] INFO  o.s.boot.web.embedded.tomcat.TomcatWebServer - Tomcat initialized with port(s): 8080 (http)
2020-12-07 18:28:47.826 [main] INFO  org.apache.coyote.http11.Http11NioProtocol - Initializing ProtocolHandler ["http-nio-8080"]
2020-12-07 18:28:47.826 [main] INFO  org.apache.catalina.core.StandardService - Starting service [Tomcat]
2020-12-07 18:28:47.827 [main] INFO  org.apache.catalina.core.StandardEngine - Starting Servlet engine: [Apache Tomcat/9.0.39]
2020-12-07 18:28:47.828 [main] INFO  org.apache.catalina.core.AprLifecycleListener - Loaded Apache Tomcat Native library [1.2.24] using APR version [1.7.0].
2020-12-07 18:28:47.828 [main] INFO  org.apache.catalina.core.AprLifecycleListener - APR capabilities: IPv6 [true], sendfile [true], accept filters [false], random [true].
2020-12-07 18:28:47.828 [main] INFO  org.apache.catalina.core.AprLifecycleListener - APR/OpenSSL configuration: useAprConnector [false], useOpenSSL [true]
2020-12-07 18:28:47.831 [main] INFO  org.apache.catalina.core.AprLifecycleListener - OpenSSL successfully initialized [OpenSSL 1.1.1g  21 Apr 2020]
2020-12-07 18:28:47.890 [main] INFO  o.a.c.core.ContainerBase.[Tomcat].[localhost].[/] - Initializing Spring embedded WebApplicationContext
2020-12-07 18:28:47.891 [main] INFO  o.s.b.w.s.c.ServletWebServerApplicationContext - Root WebApplicationContext: initialization completed in 802 ms
2020-12-07 18:28:48.237 [main] INFO  o.s.scheduling.concurrent.ThreadPoolTaskExecutor - Initializing ExecutorService 'applicationTaskExecutor'
2020-12-07 18:28:48.445 [main] INFO  org.apache.coyote.http11.Http11NioProtocol - Starting ProtocolHandler ["http-nio-8080"]
2020-12-07 18:28:48.457 [main] INFO  o.s.boot.web.embedded.tomcat.TomcatWebServer - Tomcat started on port(s): 8080 (http) with context path ''
2020-12-07 18:28:48.465 [main] INFO  com.linghang.skimlessons.SkimlessonsApplication - Started SkimlessonsApplication in 1.852 seconds (JVM running for 2.533)
2020-12-07 18:29:42.916 [http-nio-8080-exec-2] INFO  o.a.c.core.ContainerBase.[Tomcat].[localhost].[/] - Initializing Spring DispatcherServlet 'dispatcherServlet'
2020-12-07 18:29:42.917 [http-nio-8080-exec-2] INFO  org.springframework.web.servlet.DispatcherServlet - Initializing Servlet 'dispatcherServlet'
2020-12-07 18:29:42.917 [http-nio-8080-exec-2] INFO  org.springframework.web.servlet.DispatcherServlet - Completed initialization in 0 ms
2020-12-07 18:29:42.998 [http-nio-8080-exec-2] INFO  com.alibaba.druid.pool.DruidDataSource - {dataSource-1} inited
2020-12-07 19:01:22.693 [main] INFO  com.linghang.skimlessons.SkimlessonsApplication - Starting SkimlessonsApplication using Java 1.8.0_251 on DESKTOP-CE12G9K with PID 23340 (D:\Microsoft Visual Studio\MyProjects\Homework\JAVA\Skimlessons\target\classes started by 田 in D:\Microsoft Visual Studio\MyProjects\Homework\JAVA\Skimlessons)
2020-12-07 19:01:22.754 [main] INFO  com.linghang.skimlessons.SkimlessonsApplication - The following profiles are active: dev
2020-12-07 19:01:24.195 [main] INFO  o.s.boot.web.embedded.tomcat.TomcatWebServer - Tomcat initialized with port(s): 8080 (http)
2020-12-07 19:01:24.204 [main] INFO  org.apache.coyote.http11.Http11NioProtocol - Initializing ProtocolHandler ["http-nio-8080"]
2020-12-07 19:01:24.205 [main] INFO  org.apache.catalina.core.StandardService - Starting service [Tomcat]
2020-12-07 19:01:24.205 [main] INFO  org.apache.catalina.core.StandardEngine - Starting Servlet engine: [Apache Tomcat/9.0.39]
2020-12-07 19:01:24.206 [main] INFO  org.apache.catalina.core.AprLifecycleListener - Loaded Apache Tomcat Native library [1.2.24] using APR version [1.7.0].
2020-12-07 19:01:24.207 [main] INFO  org.apache.catalina.core.AprLifecycleListener - APR capabilities: IPv6 [true], sendfile [true], accept filters [false], random [true].
2020-12-07 19:01:24.207 [main] INFO  org.apache.catalina.core.AprLifecycleListener - APR/OpenSSL configuration: useAprConnector [false], useOpenSSL [true]
2020-12-07 19:01:24.317 [main] INFO  org.apache.catalina.core.AprLifecycleListener - OpenSSL successfully initialized [OpenSSL 1.1.1g  21 Apr 2020]
2020-12-07 19:01:24.384 [main] INFO  o.a.c.core.ContainerBase.[Tomcat].[localhost].[/] - Initializing Spring embedded WebApplicationContext
2020-12-07 19:01:24.384 [main] INFO  o.s.b.w.s.c.ServletWebServerApplicationContext - Root WebApplicationContext: initialization completed in 1591 ms
2020-12-07 19:01:24.837 [main] INFO  o.s.scheduling.concurrent.ThreadPoolTaskExecutor - Initializing ExecutorService 'applicationTaskExecutor'
2020-12-07 19:01:25.092 [main] INFO  org.apache.coyote.http11.Http11NioProtocol - Starting ProtocolHandler ["http-nio-8080"]
2020-12-07 19:01:25.106 [main] INFO  o.s.boot.web.embedded.tomcat.TomcatWebServer - Tomcat started on port(s): 8080 (http) with context path ''
2020-12-07 19:01:25.114 [main] INFO  com.linghang.skimlessons.SkimlessonsApplication - Started SkimlessonsApplication in 3.038 seconds (JVM running for 3.856)
2020-12-07 19:01:38.146 [http-nio-8080-exec-1] INFO  o.a.c.core.ContainerBase.[Tomcat].[localhost].[/] - Initializing Spring DispatcherServlet 'dispatcherServlet'
2020-12-07 19:01:38.146 [http-nio-8080-exec-1] INFO  org.springframework.web.servlet.DispatcherServlet - Initializing Servlet 'dispatcherServlet'
2020-12-07 19:01:38.147 [http-nio-8080-exec-1] INFO  org.springframework.web.servlet.DispatcherServlet - Completed initialization in 1 ms
2020-12-07 19:01:38.264 [http-nio-8080-exec-1] INFO  com.alibaba.druid.pool.DruidDataSource - {dataSource-1} inited
2020-12-07 19:18:52.544 [main] INFO  com.linghang.skimlessons.SkimlessonsApplication - Starting SkimlessonsApplication using Java 1.8.0_251 on DESKTOP-CE12G9K with PID 11164 (D:\Microsoft Visual Studio\MyProjects\Homework\JAVA\Skimlessons\target\classes started by 田 in D:\Microsoft Visual Studio\MyProjects\Homework\JAVA\Skimlessons)
2020-12-07 19:18:52.548 [main] INFO  com.linghang.skimlessons.SkimlessonsApplication - The following profiles are active: dev
2020-12-07 19:18:53.325 [main] INFO  o.s.boot.web.embedded.tomcat.TomcatWebServer - Tomcat initialized with port(s): 8080 (http)
2020-12-07 19:18:53.331 [main] INFO  org.apache.coyote.http11.Http11NioProtocol - Initializing ProtocolHandler ["http-nio-8080"]
2020-12-07 19:18:53.332 [main] INFO  org.apache.catalina.core.StandardService - Starting service [Tomcat]
2020-12-07 19:18:53.332 [main] INFO  org.apache.catalina.core.StandardEngine - Starting Servlet engine: [Apache Tomcat/9.0.39]
2020-12-07 19:18:53.333 [main] INFO  org.apache.catalina.core.AprLifecycleListener - Loaded Apache Tomcat Native library [1.2.24] using APR version [1.7.0].
2020-12-07 19:18:53.334 [main] INFO  org.apache.catalina.core.AprLifecycleListener - APR capabilities: IPv6 [true], sendfile [true], accept filters [false], random [true].
2020-12-07 19:18:53.334 [main] INFO  org.apache.catalina.core.AprLifecycleListener - APR/OpenSSL configuration: useAprConnector [false], useOpenSSL [true]
2020-12-07 19:18:53.336 [main] INFO  org.apache.catalina.core.AprLifecycleListener - OpenSSL successfully initialized [OpenSSL 1.1.1g  21 Apr 2020]
2020-12-07 19:18:53.393 [main] INFO  o.a.c.core.ContainerBase.[Tomcat].[localhost].[/] - Initializing Spring embedded WebApplicationContext
2020-12-07 19:18:53.393 [main] INFO  o.s.b.w.s.c.ServletWebServerApplicationContext - Root WebApplicationContext: initialization completed in 793 ms
2020-12-07 19:18:53.746 [main] INFO  o.s.scheduling.concurrent.ThreadPoolTaskExecutor - Initializing ExecutorService 'applicationTaskExecutor'
2020-12-07 19:18:53.972 [main] INFO  org.apache.coyote.http11.Http11NioProtocol - Starting ProtocolHandler ["http-nio-8080"]
2020-12-07 19:18:53.986 [main] INFO  o.s.boot.web.embedded.tomcat.TomcatWebServer - Tomcat started on port(s): 8080 (http) with context path ''
2020-12-07 19:18:53.994 [main] INFO  com.linghang.skimlessons.SkimlessonsApplication - Started SkimlessonsApplication in 1.98 seconds (JVM running for 2.709)
2020-12-07 19:19:49.665 [http-nio-8080-exec-1] INFO  o.a.c.core.ContainerBase.[Tomcat].[localhost].[/] - Initializing Spring DispatcherServlet 'dispatcherServlet'
2020-12-07 19:19:49.665 [http-nio-8080-exec-1] INFO  org.springframework.web.servlet.DispatcherServlet - Initializing Servlet 'dispatcherServlet'
2020-12-07 19:19:49.666 [http-nio-8080-exec-1] INFO  org.springframework.web.servlet.DispatcherServlet - Completed initialization in 1 ms
2020-12-07 19:19:49.746 [http-nio-8080-exec-1] INFO  com.alibaba.druid.pool.DruidDataSource - {dataSource-1} inited
2020-12-07 19:29:51.317 [main] INFO  com.linghang.skimlessons.SkimlessonsApplication - Starting SkimlessonsApplication using Java 1.8.0_251 on DESKTOP-CE12G9K with PID 8920 (D:\Microsoft Visual Studio\MyProjects\Homework\JAVA\Skimlessons\target\classes started by 田 in D:\Microsoft Visual Studio\MyProjects\Homework\JAVA\Skimlessons)
2020-12-07 19:29:51.323 [main] INFO  com.linghang.skimlessons.SkimlessonsApplication - The following profiles are active: dev
2020-12-07 19:29:52.190 [main] INFO  o.s.boot.web.embedded.tomcat.TomcatWebServer - Tomcat initialized with port(s): 8080 (http)
2020-12-07 19:29:52.196 [main] INFO  org.apache.coyote.http11.Http11NioProtocol - Initializing ProtocolHandler ["http-nio-8080"]
2020-12-07 19:29:52.197 [main] INFO  org.apache.catalina.core.StandardService - Starting service [Tomcat]
2020-12-07 19:29:52.197 [main] INFO  org.apache.catalina.core.StandardEngine - Starting Servlet engine: [Apache Tomcat/9.0.39]
2020-12-07 19:29:52.198 [main] INFO  org.apache.catalina.core.AprLifecycleListener - Loaded Apache Tomcat Native library [1.2.24] using APR version [1.7.0].
2020-12-07 19:29:52.198 [main] INFO  org.apache.catalina.core.AprLifecycleListener - APR capabilities: IPv6 [true], sendfile [true], accept filters [false], random [true].
2020-12-07 19:29:52.198 [main] INFO  org.apache.catalina.core.AprLifecycleListener - APR/OpenSSL configuration: useAprConnector [false], useOpenSSL [true]
2020-12-07 19:29:52.201 [main] INFO  org.apache.catalina.core.AprLifecycleListener - OpenSSL successfully initialized [OpenSSL 1.1.1g  21 Apr 2020]
2020-12-07 19:29:52.261 [main] INFO  o.a.c.core.ContainerBase.[Tomcat].[localhost].[/] - Initializing Spring embedded WebApplicationContext
2020-12-07 19:29:52.261 [main] INFO  o.s.b.w.s.c.ServletWebServerApplicationContext - Root WebApplicationContext: initialization completed in 865 ms
2020-12-07 19:29:52.621 [main] INFO  o.s.scheduling.concurrent.ThreadPoolTaskExecutor - Initializing ExecutorService 'applicationTaskExecutor'
2020-12-07 19:29:52.846 [main] INFO  org.apache.coyote.http11.Http11NioProtocol - Starting ProtocolHandler ["http-nio-8080"]
2020-12-07 19:29:52.859 [main] INFO  o.s.boot.web.embedded.tomcat.TomcatWebServer - Tomcat started on port(s): 8080 (http) with context path ''
2020-12-07 19:29:52.867 [main] INFO  com.linghang.skimlessons.SkimlessonsApplication - Started SkimlessonsApplication in 2.307 seconds (JVM running for 3.125)
2020-12-07 19:30:28.048 [http-nio-8080-exec-1] INFO  o.a.c.core.ContainerBase.[Tomcat].[localhost].[/] - Initializing Spring DispatcherServlet 'dispatcherServlet'
2020-12-07 19:30:28.048 [http-nio-8080-exec-1] INFO  org.springframework.web.servlet.DispatcherServlet - Initializing Servlet 'dispatcherServlet'
2020-12-07 19:30:28.049 [http-nio-8080-exec-1] INFO  org.springframework.web.servlet.DispatcherServlet - Completed initialization in 1 ms
2020-12-07 19:30:28.132 [http-nio-8080-exec-1] INFO  com.alibaba.druid.pool.DruidDataSource - {dataSource-1} inited
2020-12-07 19:31:44.600 [main] INFO  com.linghang.skimlessons.dao.DaoTest - Starting DaoTest using Java 1.8.0_131 on DESKTOP-CE12G9K with PID 22972 (started by 田 in D:\Microsoft Visual Studio\MyProjects\Homework\JAVA\Skimlessons)
2020-12-07 19:31:44.607 [main] INFO  com.linghang.skimlessons.dao.DaoTest - The following profiles are active: dev
2020-12-07 19:31:52.255 [main] INFO  o.s.scheduling.concurrent.ThreadPoolTaskExecutor - Initializing ExecutorService 'applicationTaskExecutor'
2020-12-07 19:31:53.400 [main] INFO  com.linghang.skimlessons.dao.DaoTest - Started DaoTest in 9.375 seconds (JVM running for 10.403)
2020-12-07 19:31:54.079 [main] INFO  com.alibaba.druid.pool.DruidDataSource - {dataSource-1} inited
2020-12-07 19:31:56.117 [main] INFO  o.s.b.t.context.SpringBootTestContextBootstrapper - Neither @ContextConfiguration nor @ContextHierarchy found for test class [com.linghang.skimlessons.service.ServiceTest], using SpringBootContextLoader
2020-12-07 19:31:56.119 [main] INFO  o.s.test.context.support.AbstractContextLoader - Could not detect default resource locations for test class [com.linghang.skimlessons.service.ServiceTest]: no resource found for suffixes {-context.xml, Context.groovy}.
2020-12-07 19:31:56.120 [main] INFO  o.s.t.c.support.AnnotationConfigContextLoaderUtils - Could not detect default configuration classes for test class [com.linghang.skimlessons.service.ServiceTest]: ServiceTest does not declare any static, non-private, non-final, nested classes annotated with @Configuration.
2020-12-07 19:31:56.133 [main] INFO  o.s.b.t.context.SpringBootTestContextBootstrapper - Found @SpringBootConfiguration com.linghang.skimlessons.SkimlessonsApplication for test class com.linghang.skimlessons.service.ServiceTest
2020-12-07 19:31:56.138 [main] INFO  o.s.b.t.context.SpringBootTestContextBootstrapper - Loaded default TestExecutionListener class names from location [META-INF/spring.factories]: [org.springframework.boot.test.mock.mockito.MockitoTestExecutionListener, org.springframework.boot.test.mock.mockito.ResetMocksTestExecutionListener, org.springframework.boot.test.autoconfigure.restdocs.RestDocsTestExecutionListener, org.springframework.boot.test.autoconfigure.web.client.MockRestServiceServerResetTestExecutionListener, org.springframework.boot.test.autoconfigure.web.servlet.MockMvcPrintOnlyOnFailureTestExecutionListener, org.springframework.boot.test.autoconfigure.web.servlet.WebDriverTestExecutionListener, org.springframework.boot.test.autoconfigure.webservices.client.MockWebServiceServerTestExecutionListener, org.springframework.test.context.web.ServletTestExecutionListener, org.springframework.test.context.support.DirtiesContextBeforeModesTestExecutionListener, org.springframework.test.context.support.DependencyInjectionTestExecutionListener, org.springframework.test.context.support.DirtiesContextTestExecutionListener, org.springframework.test.context.transaction.TransactionalTestExecutionListener, org.springframework.test.context.jdbc.SqlScriptsTestExecutionListener, org.springframework.test.context.event.EventPublishingTestExecutionListener]
2020-12-07 19:31:56.139 [main] INFO  o.s.b.t.context.SpringBootTestContextBootstrapper - Using TestExecutionListeners: [org.springframework.test.context.web.ServletTestExecutionListener@39f5b723, org.springframework.test.context.support.DirtiesContextBeforeModesTestExecutionListener@4eaa375c, org.springframework.boot.test.mock.mockito.MockitoTestExecutionListener@2404b5a, org.springframework.boot.test.autoconfigure.SpringBootDependencyInjectionTestExecutionListener@3af58f76, org.springframework.test.context.support.DirtiesContextTestExecutionListener@2ead6ba4, org.springframework.test.context.transaction.TransactionalTestExecutionListener@31a2a9fa, org.springframework.test.context.jdbc.SqlScriptsTestExecutionListener@31b82e0f, org.springframework.test.context.event.EventPublishingTestExecutionListener@27a09971, org.springframework.boot.test.mock.mockito.ResetMocksTestExecutionListener@6215366a, org.springframework.boot.test.autoconfigure.restdocs.RestDocsTestExecutionListener@46dcbeab, org.springframework.boot.test.autoconfigure.web.client.MockRestServiceServerResetTestExecutionListener@36e43829, org.springframework.boot.test.autoconfigure.web.servlet.MockMvcPrintOnlyOnFailureTestExecutionListener@152c4495, org.springframework.boot.test.autoconfigure.web.servlet.WebDriverTestExecutionListener@5ec1963c, org.springframework.boot.test.autoconfigure.webservices.client.MockWebServiceServerTestExecutionListener@7dcb42a9]
2020-12-07 19:31:56.359 [main] INFO  o.s.b.t.context.SpringBootTestContextBootstrapper - Neither @ContextConfiguration nor @ContextHierarchy found for test class [com.linghang.skimlessons.SkimlessonsApplicationTests], using SpringBootContextLoader
2020-12-07 19:31:56.360 [main] INFO  o.s.test.context.support.AbstractContextLoader - Could not detect default resource locations for test class [com.linghang.skimlessons.SkimlessonsApplicationTests]: no resource found for suffixes {-context.xml, Context.groovy}.
2020-12-07 19:31:56.361 [main] INFO  o.s.t.c.support.AnnotationConfigContextLoaderUtils - Could not detect default configuration classes for test class [com.linghang.skimlessons.SkimlessonsApplicationTests]: SkimlessonsApplicationTests does not declare any static, non-private, non-final, nested classes annotated with @Configuration.
2020-12-07 19:31:56.366 [main] INFO  o.s.b.t.context.SpringBootTestContextBootstrapper - Found @SpringBootConfiguration com.linghang.skimlessons.SkimlessonsApplication for test class com.linghang.skimlessons.SkimlessonsApplicationTests
2020-12-07 19:31:56.368 [main] INFO  o.s.b.t.context.SpringBootTestContextBootstrapper - Loaded default TestExecutionListener class names from location [META-INF/spring.factories]: [org.springframework.boot.test.mock.mockito.MockitoTestExecutionListener, org.springframework.boot.test.mock.mockito.ResetMocksTestExecutionListener, org.springframework.boot.test.autoconfigure.restdocs.RestDocsTestExecutionListener, org.springframework.boot.test.autoconfigure.web.client.MockRestServiceServerResetTestExecutionListener, org.springframework.boot.test.autoconfigure.web.servlet.MockMvcPrintOnlyOnFailureTestExecutionListener, org.springframework.boot.test.autoconfigure.web.servlet.WebDriverTestExecutionListener, org.springframework.boot.test.autoconfigure.webservices.client.MockWebServiceServerTestExecutionListener, org.springframework.test.context.web.ServletTestExecutionListener, org.springframework.test.context.support.DirtiesContextBeforeModesTestExecutionListener, org.springframework.test.context.support.DependencyInjectionTestExecutionListener, org.springframework.test.context.support.DirtiesContextTestExecutionListener, org.springframework.test.context.transaction.TransactionalTestExecutionListener, org.springframework.test.context.jdbc.SqlScriptsTestExecutionListener, org.springframework.test.context.event.EventPublishingTestExecutionListener]
2020-12-07 19:31:56.369 [main] INFO  o.s.b.t.context.SpringBootTestContextBootstrapper - Using TestExecutionListeners: [org.springframework.test.context.web.ServletTestExecutionListener@4fa4f485, org.springframework.test.context.support.DirtiesContextBeforeModesTestExecutionListener@68dd39d2, org.springframework.boot.test.mock.mockito.MockitoTestExecutionListener@4a44cfc0, org.springframework.boot.test.autoconfigure.SpringBootDependencyInjectionTestExecutionListener@60e3c26e, org.springframework.test.context.support.DirtiesContextTestExecutionListener@80b122b, org.springframework.test.context.transaction.TransactionalTestExecutionListener@999b951, org.springframework.test.context.jdbc.SqlScriptsTestExecutionListener@65cf4d6d, org.springframework.test.context.event.EventPublishingTestExecutionListener@1b410308, org.springframework.boot.test.mock.mockito.ResetMocksTestExecutionListener@4b0bd001, org.springframework.boot.test.autoconfigure.restdocs.RestDocsTestExecutionListener@f9cab00, org.springframework.boot.test.autoconfigure.web.client.MockRestServiceServerResetTestExecutionListener@10272bbb, org.springframework.boot.test.autoconfigure.web.servlet.MockMvcPrintOnlyOnFailureTestExecutionListener@36d33f4, org.springframework.boot.test.autoconfigure.web.servlet.WebDriverTestExecutionListener@16736040, org.springframework.boot.test.autoconfigure.webservices.client.MockWebServiceServerTestExecutionListener@7c5d1d25]
2020-12-07 19:31:56.694 [SpringContextShutdownHook] INFO  o.s.scheduling.concurrent.ThreadPoolTaskExecutor - Shutting down ExecutorService 'applicationTaskExecutor'
2020-12-07 19:31:56.710 [SpringContextShutdownHook] INFO  com.alibaba.druid.pool.DruidDataSource - {dataSource-1} closed
2020-12-07 20:02:38.000 [main] INFO  com.linghang.skimlessons.SkimlessonsApplication - Starting SkimlessonsApplication using Java 1.8.0_251 on DESKTOP-CE12G9K with PID 21624 (D:\Microsoft Visual Studio\MyProjects\Homework\JAVA\Skimlessons\target\classes started by 田 in D:\Microsoft Visual Studio\MyProjects\Homework\JAVA\Skimlessons)
2020-12-07 20:02:38.009 [main] INFO  com.linghang.skimlessons.SkimlessonsApplication - The following profiles are active: dev
2020-12-07 20:02:42.137 [main] INFO  o.s.boot.web.embedded.tomcat.TomcatWebServer - Tomcat initialized with port(s): 8080 (http)
2020-12-07 20:02:42.213 [main] INFO  org.apache.coyote.http11.Http11NioProtocol - Initializing ProtocolHandler ["http-nio-8080"]
2020-12-07 20:02:42.213 [main] INFO  org.apache.catalina.core.StandardService - Starting service [Tomcat]
2020-12-07 20:02:42.213 [main] INFO  org.apache.catalina.core.StandardEngine - Starting Servlet engine: [Apache Tomcat/9.0.39]
2020-12-07 20:02:42.215 [main] INFO  org.apache.catalina.core.AprLifecycleListener - Loaded Apache Tomcat Native library [1.2.24] using APR version [1.7.0].
2020-12-07 20:02:42.215 [main] INFO  org.apache.catalina.core.AprLifecycleListener - APR capabilities: IPv6 [true], sendfile [true], accept filters [false], random [true].
2020-12-07 20:02:42.215 [main] INFO  org.apache.catalina.core.AprLifecycleListener - APR/OpenSSL configuration: useAprConnector [false], useOpenSSL [true]
2020-12-07 20:02:42.286 [main] INFO  org.apache.catalina.core.AprLifecycleListener - OpenSSL successfully initialized [OpenSSL 1.1.1g  21 Apr 2020]
2020-12-07 20:02:42.449 [main] INFO  o.a.c.core.ContainerBase.[Tomcat].[localhost].[/] - Initializing Spring embedded WebApplicationContext
2020-12-07 20:02:42.450 [main] INFO  o.s.b.w.s.c.ServletWebServerApplicationContext - Root WebApplicationContext: initialization completed in 4379 ms
2020-12-07 20:02:46.577 [main] INFO  o.s.scheduling.concurrent.ThreadPoolTaskExecutor - Initializing ExecutorService 'applicationTaskExecutor'
2020-12-07 20:02:48.580 [main] INFO  org.apache.coyote.http11.Http11NioProtocol - Starting ProtocolHandler ["http-nio-8080"]
2020-12-07 20:02:48.993 [main] INFO  o.s.boot.web.embedded.tomcat.TomcatWebServer - Tomcat started on port(s): 8080 (http) with context path ''
2020-12-07 20:02:49.112 [main] INFO  com.linghang.skimlessons.SkimlessonsApplication - Started SkimlessonsApplication in 11.764 seconds (JVM running for 12.869)
2020-12-07 20:03:26.372 [http-nio-8080-exec-1] INFO  o.a.c.core.ContainerBase.[Tomcat].[localhost].[/] - Initializing Spring DispatcherServlet 'dispatcherServlet'
2020-12-07 20:03:26.372 [http-nio-8080-exec-1] INFO  org.springframework.web.servlet.DispatcherServlet - Initializing Servlet 'dispatcherServlet'
2020-12-07 20:03:26.373 [http-nio-8080-exec-1] INFO  org.springframework.web.servlet.DispatcherServlet - Completed initialization in 1 ms
2020-12-07 20:03:26.610 [http-nio-8080-exec-1] INFO  com.alibaba.druid.pool.DruidDataSource - {dataSource-1} inited
2020-12-07 20:13:59.906 [main] INFO  com.linghang.skimlessons.dao.DaoTest - Starting DaoTest using Java 1.8.0_131 on DESKTOP-CE12G9K with PID 2348 (started by 田 in D:\Microsoft Visual Studio\MyProjects\Homework\JAVA\Skimlessons)
2020-12-07 20:13:59.907 [main] INFO  com.linghang.skimlessons.dao.DaoTest - The following profiles are active: dev
2020-12-07 20:14:01.862 [main] INFO  o.s.scheduling.concurrent.ThreadPoolTaskExecutor - Initializing ExecutorService 'applicationTaskExecutor'
2020-12-07 20:14:02.505 [main] INFO  com.linghang.skimlessons.dao.DaoTest - Started DaoTest in 3.088 seconds (JVM running for 4.221)
2020-12-07 20:14:02.884 [main] INFO  com.alibaba.druid.pool.DruidDataSource - {dataSource-1} inited
2020-12-07 20:14:03.810 [main] INFO  o.s.b.t.context.SpringBootTestContextBootstrapper - Neither @ContextConfiguration nor @ContextHierarchy found for test class [com.linghang.skimlessons.service.ServiceTest], using SpringBootContextLoader
2020-12-07 20:14:03.810 [main] INFO  o.s.test.context.support.AbstractContextLoader - Could not detect default resource locations for test class [com.linghang.skimlessons.service.ServiceTest]: no resource found for suffixes {-context.xml, Context.groovy}.
2020-12-07 20:14:03.811 [main] INFO  o.s.t.c.support.AnnotationConfigContextLoaderUtils - Could not detect default configuration classes for test class [com.linghang.skimlessons.service.ServiceTest]: ServiceTest does not declare any static, non-private, non-final, nested classes annotated with @Configuration.
2020-12-07 20:14:03.819 [main] INFO  o.s.b.t.context.SpringBootTestContextBootstrapper - Found @SpringBootConfiguration com.linghang.skimlessons.SkimlessonsApplication for test class com.linghang.skimlessons.service.ServiceTest
2020-12-07 20:14:03.821 [main] INFO  o.s.b.t.context.SpringBootTestContextBootstrapper - Loaded default TestExecutionListener class names from location [META-INF/spring.factories]: [org.springframework.boot.test.mock.mockito.MockitoTestExecutionListener, org.springframework.boot.test.mock.mockito.ResetMocksTestExecutionListener, org.springframework.boot.test.autoconfigure.restdocs.RestDocsTestExecutionListener, org.springframework.boot.test.autoconfigure.web.client.MockRestServiceServerResetTestExecutionListener, org.springframework.boot.test.autoconfigure.web.servlet.MockMvcPrintOnlyOnFailureTestExecutionListener, org.springframework.boot.test.autoconfigure.web.servlet.WebDriverTestExecutionListener, org.springframework.boot.test.autoconfigure.webservices.client.MockWebServiceServerTestExecutionListener, org.springframework.test.context.web.ServletTestExecutionListener, org.springframework.test.context.support.DirtiesContextBeforeModesTestExecutionListener, org.springframework.test.context.support.DependencyInjectionTestExecutionListener, org.springframework.test.context.support.DirtiesContextTestExecutionListener, org.springframework.test.context.transaction.TransactionalTestExecutionListener, org.springframework.test.context.jdbc.SqlScriptsTestExecutionListener, org.springframework.test.context.event.EventPublishingTestExecutionListener]
2020-12-07 20:14:03.821 [main] INFO  o.s.b.t.context.SpringBootTestContextBootstrapper - Using TestExecutionListeners: [org.springframework.test.context.web.ServletTestExecutionListener@2404b5a, org.springframework.test.context.support.DirtiesContextBeforeModesTestExecutionListener@3af58f76, org.springframework.boot.test.mock.mockito.MockitoTestExecutionListener@2ead6ba4, org.springframework.boot.test.autoconfigure.SpringBootDependencyInjectionTestExecutionListener@31a2a9fa, org.springframework.test.context.support.DirtiesContextTestExecutionListener@31b82e0f, org.springframework.test.context.transaction.TransactionalTestExecutionListener@27a09971, org.springframework.test.context.jdbc.SqlScriptsTestExecutionListener@6215366a, org.springframework.test.context.event.EventPublishingTestExecutionListener@46dcbeab, org.springframework.boot.test.mock.mockito.ResetMocksTestExecutionListener@36e43829, org.springframework.boot.test.autoconfigure.restdocs.RestDocsTestExecutionListener@152c4495, org.springframework.boot.test.autoconfigure.web.client.MockRestServiceServerResetTestExecutionListener@5ec1963c, org.springframework.boot.test.autoconfigure.web.servlet.MockMvcPrintOnlyOnFailureTestExecutionListener@7dcb42a9, org.springframework.boot.test.autoconfigure.web.servlet.WebDriverTestExecutionListener@6af90849, org.springframework.boot.test.autoconfigure.webservices.client.MockWebServiceServerTestExecutionListener@1d06f16f]
2020-12-07 20:14:03.931 [main] INFO  o.s.b.t.context.SpringBootTestContextBootstrapper - Neither @ContextConfiguration nor @ContextHierarchy found for test class [com.linghang.skimlessons.SkimlessonsApplicationTests], using SpringBootContextLoader
2020-12-07 20:14:03.932 [main] INFO  o.s.test.context.support.AbstractContextLoader - Could not detect default resource locations for test class [com.linghang.skimlessons.SkimlessonsApplicationTests]: no resource found for suffixes {-context.xml, Context.groovy}.
2020-12-07 20:14:03.932 [main] INFO  o.s.t.c.support.AnnotationConfigContextLoaderUtils - Could not detect default configuration classes for test class [com.linghang.skimlessons.SkimlessonsApplicationTests]: SkimlessonsApplicationTests does not declare any static, non-private, non-final, nested classes annotated with @Configuration.
2020-12-07 20:14:03.938 [main] INFO  o.s.b.t.context.SpringBootTestContextBootstrapper - Found @SpringBootConfiguration com.linghang.skimlessons.SkimlessonsApplication for test class com.linghang.skimlessons.SkimlessonsApplicationTests
2020-12-07 20:14:03.940 [main] INFO  o.s.b.t.context.SpringBootTestContextBootstrapper - Loaded default TestExecutionListener class names from location [META-INF/spring.factories]: [org.springframework.boot.test.mock.mockito.MockitoTestExecutionListener, org.springframework.boot.test.mock.mockito.ResetMocksTestExecutionListener, org.springframework.boot.test.autoconfigure.restdocs.RestDocsTestExecutionListener, org.springframework.boot.test.autoconfigure.web.client.MockRestServiceServerResetTestExecutionListener, org.springframework.boot.test.autoconfigure.web.servlet.MockMvcPrintOnlyOnFailureTestExecutionListener, org.springframework.boot.test.autoconfigure.web.servlet.WebDriverTestExecutionListener, org.springframework.boot.test.autoconfigure.webservices.client.MockWebServiceServerTestExecutionListener, org.springframework.test.context.web.ServletTestExecutionListener, org.springframework.test.context.support.DirtiesContextBeforeModesTestExecutionListener, org.springframework.test.context.support.DependencyInjectionTestExecutionListener, org.springframework.test.context.support.DirtiesContextTestExecutionListener, org.springframework.test.context.transaction.TransactionalTestExecutionListener, org.springframework.test.context.jdbc.SqlScriptsTestExecutionListener, org.springframework.test.context.event.EventPublishingTestExecutionListener]
2020-12-07 20:14:03.941 [main] INFO  o.s.b.t.context.SpringBootTestContextBootstrapper - Using TestExecutionListeners: [org.springframework.test.context.web.ServletTestExecutionListener@4a44cfc0, org.springframework.test.context.support.DirtiesContextBeforeModesTestExecutionListener@60e3c26e, org.springframework.boot.test.mock.mockito.MockitoTestExecutionListener@80b122b, org.springframework.boot.test.autoconfigure.SpringBootDependencyInjectionTestExecutionListener@999b951, org.springframework.test.context.support.DirtiesContextTestExecutionListener@65cf4d6d, org.springframework.test.context.transaction.TransactionalTestExecutionListener@1b410308, org.springframework.test.context.jdbc.SqlScriptsTestExecutionListener@4b0bd001, org.springframework.test.context.event.EventPublishingTestExecutionListener@f9cab00, org.springframework.boot.test.mock.mockito.ResetMocksTestExecutionListener@10272bbb, org.springframework.boot.test.autoconfigure.restdocs.RestDocsTestExecutionListener@36d33f4, org.springframework.boot.test.autoconfigure.web.client.MockRestServiceServerResetTestExecutionListener@16736040, org.springframework.boot.test.autoconfigure.web.servlet.MockMvcPrintOnlyOnFailureTestExecutionListener@7c5d1d25, org.springframework.boot.test.autoconfigure.web.servlet.WebDriverTestExecutionListener@550e9be6, org.springframework.boot.test.autoconfigure.webservices.client.MockWebServiceServerTestExecutionListener@3f96f020]
2020-12-07 20:14:04.178 [SpringContextShutdownHook] INFO  o.s.scheduling.concurrent.ThreadPoolTaskExecutor - Shutting down ExecutorService 'applicationTaskExecutor'
2020-12-07 20:14:04.182 [SpringContextShutdownHook] INFO  com.alibaba.druid.pool.DruidDataSource - {dataSource-1} closed
